{"/Users/macbook/Documents/ChatApp/client/postcss.config.js": {"path":"/Users/macbook/Documents/ChatApp/client/postcss.config.js","all":true,"statementMap":{"0":{"start":{"line":1,"column":0},"end":{"line":1,"column":16}},"1":{"start":{"line":2,"column":0},"end":{"line":2,"column":12}},"2":{"start":{"line":3,"column":0},"end":{"line":3,"column":20}},"3":{"start":{"line":4,"column":0},"end":{"line":4,"column":21}},"4":{"start":{"line":5,"column":0},"end":{"line":5,"column":4}},"5":{"start":{"line":6,"column":0},"end":{"line":6,"column":1}}},"s":{"0":0,"1":0,"2":0,"3":0,"4":0,"5":0},"branchMap":{"0":{"type":"branch","line":1,"loc":{"start":{"line":1,"column":79},"end":{"line":6,"column":1}},"locations":[{"start":{"line":1,"column":79},"end":{"line":6,"column":1}}]}},"b":{"0":[0]},"fnMap":{"0":{"name":"(empty-report)","decl":{"start":{"line":1,"column":79},"end":{"line":6,"column":1}},"loc":{"start":{"line":1,"column":79},"end":{"line":6,"column":1}},"line":1}},"f":{"0":0}}
,"/Users/macbook/Documents/ChatApp/client/tailwind.config.js": {"path":"/Users/macbook/Documents/ChatApp/client/tailwind.config.js","all":true,"statementMap":{"0":{"start":{"line":1,"column":0},"end":{"line":1,"column":43}},"1":{"start":{"line":2,"column":0},"end":{"line":2,"column":16}},"2":{"start":{"line":3,"column":0},"end":{"line":3,"column":12}},"3":{"start":{"line":4,"column":0},"end":{"line":4,"column":19}},"4":{"start":{"line":5,"column":0},"end":{"line":5,"column":33}},"5":{"start":{"line":6,"column":0},"end":{"line":6,"column":4}},"6":{"start":{"line":7,"column":0},"end":{"line":7,"column":10}},"7":{"start":{"line":8,"column":0},"end":{"line":8,"column":13}},"8":{"start":{"line":9,"column":0},"end":{"line":9,"column":18}},"9":{"start":{"line":10,"column":0},"end":{"line":10,"column":18}},"10":{"start":{"line":11,"column":0},"end":{"line":11,"column":65}},"11":{"start":{"line":12,"column":0},"end":{"line":12,"column":68}},"12":{"start":{"line":13,"column":0},"end":{"line":13,"column":69}},"13":{"start":{"line":14,"column":0},"end":{"line":14,"column":9}},"14":{"start":{"line":15,"column":0},"end":{"line":15,"column":8}},"15":{"start":{"line":16,"column":0},"end":{"line":16,"column":18}},"16":{"start":{"line":17,"column":0},"end":{"line":17,"column":53}},"17":{"start":{"line":18,"column":0},"end":{"line":18,"column":7}},"18":{"start":{"line":19,"column":0},"end":{"line":19,"column":6}},"19":{"start":{"line":20,"column":0},"end":{"line":20,"column":4}},"20":{"start":{"line":21,"column":0},"end":{"line":21,"column":14}},"21":{"start":{"line":22,"column":0},"end":{"line":22,"column":1}}},"s":{"0":0,"1":0,"2":0,"3":0,"4":0,"5":0,"6":0,"7":0,"8":0,"9":0,"10":0,"11":0,"12":0,"13":0,"14":0,"15":0,"16":0,"17":0,"18":0,"19":0,"20":0,"21":0},"branchMap":{"0":{"type":"branch","line":1,"loc":{"start":{"line":1,"column":529},"end":{"line":22,"column":1}},"locations":[{"start":{"line":1,"column":529},"end":{"line":22,"column":1}}]}},"b":{"0":[0]},"fnMap":{"0":{"name":"(empty-report)","decl":{"start":{"line":1,"column":529},"end":{"line":22,"column":1}},"loc":{"start":{"line":1,"column":529},"end":{"line":22,"column":1}},"line":1}},"f":{"0":0}}
,"/Users/macbook/Documents/ChatApp/client/src/App.tsx": {"path":"/Users/macbook/Documents/ChatApp/client/src/App.tsx","all":false,"statementMap":{"0":{"start":{"line":1,"column":0},"end":{"line":1,"column":49}},"1":{"start":{"line":2,"column":0},"end":{"line":2,"column":40}},"2":{"start":{"line":3,"column":0},"end":{"line":3,"column":40}},"4":{"start":{"line":5,"column":0},"end":{"line":5,"column":16}},"5":{"start":{"line":6,"column":0},"end":{"line":6,"column":10}},"6":{"start":{"line":7,"column":0},"end":{"line":7,"column":97}},"7":{"start":{"line":8,"column":0},"end":{"line":8,"column":14}},"8":{"start":{"line":9,"column":0},"end":{"line":9,"column":49}},"9":{"start":{"line":10,"column":0},"end":{"line":10,"column":54}},"10":{"start":{"line":11,"column":0},"end":{"line":11,"column":15}},"11":{"start":{"line":12,"column":0},"end":{"line":12,"column":10}},"13":{"start":{"line":14,"column":0},"end":{"line":14,"column":1}},"15":{"start":{"line":16,"column":0},"end":{"line":16,"column":18}}},"s":{"0":1,"1":1,"2":1,"4":2,"5":2,"6":2,"7":2,"8":2,"9":2,"10":2,"11":2,"13":2,"15":1},"branchMap":{"0":{"type":"branch","line":5,"loc":{"start":{"line":5,"column":0},"end":{"line":14,"column":1}},"locations":[{"start":{"line":5,"column":0},"end":{"line":14,"column":1}}]}},"b":{"0":[2]},"fnMap":{"0":{"name":"App","decl":{"start":{"line":5,"column":0},"end":{"line":14,"column":1}},"loc":{"start":{"line":5,"column":0},"end":{"line":14,"column":1}},"line":5}},"f":{"0":2}}
,"/Users/macbook/Documents/ChatApp/client/src/main.tsx": {"path":"/Users/macbook/Documents/ChatApp/client/src/main.tsx","all":true,"statementMap":{"0":{"start":{"line":1,"column":0},"end":{"line":1,"column":25}},"1":{"start":{"line":2,"column":0},"end":{"line":2,"column":39}},"2":{"start":{"line":3,"column":0},"end":{"line":3,"column":27}},"3":{"start":{"line":4,"column":0},"end":{"line":4,"column":20}},"4":{"start":{"line":5,"column":0},"end":{"line":5,"column":48}},"5":{"start":{"line":6,"column":0},"end":{"line":6,"column":53}},"7":{"start":{"line":8,"column":0},"end":{"line":8,"column":61}},"8":{"start":{"line":9,"column":0},"end":{"line":9,"column":20}},"9":{"start":{"line":10,"column":0},"end":{"line":10,"column":19}},"10":{"start":{"line":11,"column":0},"end":{"line":11,"column":20}},"11":{"start":{"line":12,"column":0},"end":{"line":12,"column":15}},"12":{"start":{"line":13,"column":0},"end":{"line":13,"column":21}},"13":{"start":{"line":14,"column":0},"end":{"line":14,"column":20}},"14":{"start":{"line":15,"column":0},"end":{"line":15,"column":22}},"15":{"start":{"line":16,"column":0},"end":{"line":16,"column":1}}},"s":{"0":0,"1":0,"2":0,"3":0,"4":0,"5":0,"7":0,"8":0,"9":0,"10":0,"11":0,"12":0,"13":0,"14":0,"15":0},"branchMap":{"0":{"type":"branch","line":1,"loc":{"start":{"line":1,"column":351},"end":{"line":16,"column":-311}},"locations":[{"start":{"line":1,"column":351},"end":{"line":16,"column":-311}}]}},"b":{"0":[0]},"fnMap":{"0":{"name":"(empty-report)","decl":{"start":{"line":1,"column":351},"end":{"line":16,"column":-311}},"loc":{"start":{"line":1,"column":351},"end":{"line":16,"column":-311}},"line":1}},"f":{"0":0}}
,"/Users/macbook/Documents/ChatApp/client/src/types.ts": {"path":"/Users/macbook/Documents/ChatApp/client/src/types.ts","all":true,"statementMap":{},"s":{},"branchMap":{"0":{"type":"branch","line":1,"loc":{"start":{"line":1,"column":382},"end":{"line":24,"column":1}},"locations":[{"start":{"line":1,"column":382},"end":{"line":24,"column":1}}]}},"b":{"0":[1]},"fnMap":{"0":{"name":"(empty-report)","decl":{"start":{"line":1,"column":382},"end":{"line":24,"column":1}},"loc":{"start":{"line":1,"column":382},"end":{"line":24,"column":1}},"line":1}},"f":{"0":1}}
,"/Users/macbook/Documents/ChatApp/client/src/components/ChatBox.tsx": {"path":"/Users/macbook/Documents/ChatApp/client/src/components/ChatBox.tsx","all":true,"statementMap":{"0":{"start":{"line":1,"column":0},"end":{"line":1,"column":52}},"1":{"start":{"line":2,"column":0},"end":{"line":2,"column":38}},"3":{"start":{"line":4,"column":0},"end":{"line":4,"column":23}},"4":{"start":{"line":5,"column":0},"end":{"line":5,"column":39}},"6":{"start":{"line":7,"column":0},"end":{"line":7,"column":10}},"7":{"start":{"line":8,"column":0},"end":{"line":8,"column":8}},"8":{"start":{"line":9,"column":0},"end":{"line":9,"column":172}},"10":{"start":{"line":11,"column":0},"end":{"line":11,"column":23}},"11":{"start":{"line":12,"column":0},"end":{"line":12,"column":22}},"13":{"start":{"line":14,"column":0},"end":{"line":14,"column":65}},"14":{"start":{"line":15,"column":0},"end":{"line":15,"column":68}},"16":{"start":{"line":17,"column":0},"end":{"line":17,"column":14}},"17":{"start":{"line":18,"column":0},"end":{"line":18,"column":14}},"19":{"start":{"line":20,"column":0},"end":{"line":20,"column":10}},"21":{"start":{"line":22,"column":0},"end":{"line":22,"column":2}},"23":{"start":{"line":24,"column":0},"end":{"line":24,"column":23}}},"s":{"0":0,"1":0,"3":0,"4":0,"6":0,"7":0,"8":0,"10":0,"11":0,"13":0,"14":0,"16":0,"17":0,"19":0,"21":0,"23":0},"branchMap":{"0":{"type":"branch","line":1,"loc":{"start":{"line":1,"column":679},"end":{"line":24,"column":23}},"locations":[{"start":{"line":1,"column":679},"end":{"line":24,"column":23}}]}},"b":{"0":[0]},"fnMap":{"0":{"name":"(empty-report)","decl":{"start":{"line":1,"column":679},"end":{"line":24,"column":23}},"loc":{"start":{"line":1,"column":679},"end":{"line":24,"column":23}},"line":1}},"f":{"0":0}}
,"/Users/macbook/Documents/ChatApp/client/src/components/MyChats.tsx": {"path":"/Users/macbook/Documents/ChatApp/client/src/components/MyChats.tsx","all":false,"statementMap":{"0":{"start":{"line":1,"column":0},"end":{"line":1,"column":51}},"1":{"start":{"line":2,"column":0},"end":{"line":2,"column":26}},"2":{"start":{"line":3,"column":0},"end":{"line":3,"column":52}},"3":{"start":{"line":4,"column":0},"end":{"line":4,"column":53}},"5":{"start":{"line":6,"column":0},"end":{"line":6,"column":45}},"7":{"start":{"line":8,"column":0},"end":{"line":8,"column":23}},"8":{"start":{"line":9,"column":0},"end":{"line":9,"column":81}},"9":{"start":{"line":10,"column":0},"end":{"line":10,"column":68}},"10":{"start":{"line":11,"column":0},"end":{"line":11,"column":87}},"12":{"start":{"line":13,"column":0},"end":{"line":13,"column":36}},"13":{"start":{"line":14,"column":0},"end":{"line":14,"column":26}},"14":{"start":{"line":15,"column":0},"end":{"line":15,"column":13}},"15":{"start":{"line":16,"column":0},"end":{"line":16,"column":28}},"16":{"start":{"line":17,"column":0},"end":{"line":17,"column":26}},"17":{"start":{"line":18,"column":0},"end":{"line":18,"column":58}},"18":{"start":{"line":19,"column":0},"end":{"line":19,"column":18}},"19":{"start":{"line":20,"column":0},"end":{"line":20,"column":14}},"20":{"start":{"line":21,"column":0},"end":{"line":21,"column":78}},"21":{"start":{"line":22,"column":0},"end":{"line":22,"column":27}},"22":{"start":{"line":23,"column":0},"end":{"line":23,"column":25}},"23":{"start":{"line":24,"column":0},"end":{"line":24,"column":62}},"24":{"start":{"line":25,"column":0},"end":{"line":25,"column":9}},"25":{"start":{"line":26,"column":0},"end":{"line":26,"column":6}},"27":{"start":{"line":28,"column":0},"end":{"line":28,"column":21}},"28":{"start":{"line":29,"column":0},"end":{"line":29,"column":58}},"29":{"start":{"line":30,"column":0},"end":{"line":30,"column":22}},"30":{"start":{"line":31,"column":0},"end":{"line":31,"column":48}},"31":{"start":{"line":32,"column":0},"end":{"line":32,"column":9}},"32":{"start":{"line":33,"column":0},"end":{"line":33,"column":21}},"34":{"start":{"line":35,"column":0},"end":{"line":35,"column":15}},"36":{"start":{"line":37,"column":0},"end":{"line":37,"column":12}},"37":{"start":{"line":38,"column":0},"end":{"line":38,"column":180}},"38":{"start":{"line":39,"column":0},"end":{"line":39,"column":116}},"40":{"start":{"line":41,"column":0},"end":{"line":41,"column":18}},"41":{"start":{"line":42,"column":0},"end":{"line":42,"column":120}},"42":{"start":{"line":43,"column":0},"end":{"line":43,"column":26}},"43":{"start":{"line":44,"column":0},"end":{"line":44,"column":70}},"44":{"start":{"line":45,"column":0},"end":{"line":45,"column":52}},"45":{"start":{"line":46,"column":0},"end":{"line":46,"column":105}},"46":{"start":{"line":47,"column":0},"end":{"line":47,"column":37}},"47":{"start":{"line":48,"column":0},"end":{"line":48,"column":36}},"48":{"start":{"line":49,"column":0},"end":{"line":49,"column":73}},"49":{"start":{"line":50,"column":0},"end":{"line":50,"column":313}},"50":{"start":{"line":51,"column":0},"end":{"line":51,"column":50}},"52":{"start":{"line":53,"column":0},"end":{"line":53,"column":148}},"53":{"start":{"line":54,"column":0},"end":{"line":54,"column":76}},"54":{"start":{"line":55,"column":0},"end":{"line":55,"column":78}},"55":{"start":{"line":56,"column":0},"end":{"line":56,"column":61}},"56":{"start":{"line":57,"column":0},"end":{"line":57,"column":44}},"57":{"start":{"line":58,"column":0},"end":{"line":58,"column":63}},"58":{"start":{"line":59,"column":0},"end":{"line":59,"column":109}},"59":{"start":{"line":60,"column":0},"end":{"line":60,"column":81}},"60":{"start":{"line":61,"column":0},"end":{"line":61,"column":83}},"62":{"start":{"line":63,"column":0},"end":{"line":63,"column":54}},"63":{"start":{"line":64,"column":0},"end":{"line":64,"column":142}},"64":{"start":{"line":65,"column":0},"end":{"line":65,"column":84}},"65":{"start":{"line":66,"column":0},"end":{"line":66,"column":55}},"67":{"start":{"line":68,"column":0},"end":{"line":68,"column":48}},"69":{"start":{"line":70,"column":0},"end":{"line":70,"column":107}},"71":{"start":{"line":72,"column":0},"end":{"line":72,"column":42}},"72":{"start":{"line":73,"column":0},"end":{"line":73,"column":38}},"74":{"start":{"line":75,"column":0},"end":{"line":75,"column":27}},"75":{"start":{"line":76,"column":0},"end":{"line":76,"column":26}},"77":{"start":{"line":78,"column":0},"end":{"line":78,"column":82}},"79":{"start":{"line":80,"column":0},"end":{"line":80,"column":18}},"80":{"start":{"line":81,"column":0},"end":{"line":81,"column":14}},"82":{"start":{"line":83,"column":0},"end":{"line":83,"column":2}},"84":{"start":{"line":85,"column":0},"end":{"line":85,"column":23}}},"s":{"0":1,"1":1,"2":1,"3":1,"5":1,"7":1,"8":1,"9":1,"10":1,"12":1,"13":1,"14":1,"15":1,"16":1,"17":1,"18":1,"19":1,"20":1,"21":1,"22":1,"23":0,"24":0,"25":1,"27":1,"28":1,"29":1,"30":0,"31":0,"32":1,"34":1,"36":1,"37":1,"38":1,"40":1,"41":1,"42":1,"43":1,"44":1,"45":0,"46":0,"47":0,"48":0,"49":0,"50":0,"52":0,"53":0,"54":0,"55":0,"56":0,"57":0,"58":0,"59":0,"60":0,"62":0,"63":0,"64":0,"65":0,"67":0,"69":0,"71":0,"72":0,"74":1,"75":1,"77":0,"79":1,"80":1,"82":1,"84":1},"branchMap":{"0":{"type":"branch","line":8,"loc":{"start":{"line":8,"column":16},"end":{"line":83,"column":2}},"locations":[{"start":{"line":8,"column":16},"end":{"line":83,"column":2}}]},"1":{"type":"branch","line":11,"loc":{"start":{"line":11,"column":47},"end":{"line":11,"column":87}},"locations":[{"start":{"line":11,"column":47},"end":{"line":11,"column":87}}]},"2":{"type":"branch","line":38,"loc":{"start":{"line":38,"column":136},"end":{"line":38,"column":170}},"locations":[{"start":{"line":38,"column":136},"end":{"line":38,"column":170}}]},"3":{"type":"branch","line":76,"loc":{"start":{"line":76,"column":20},"end":{"line":78,"column":82}},"locations":[{"start":{"line":76,"column":20},"end":{"line":78,"column":82}}]},"4":{"type":"branch","line":13,"loc":{"start":{"line":13,"column":23},"end":{"line":26,"column":6}},"locations":[{"start":{"line":13,"column":23},"end":{"line":26,"column":6}}]},"5":{"type":"branch","line":14,"loc":{"start":{"line":14,"column":19},"end":{"line":14,"column":26}},"locations":[{"start":{"line":14,"column":19},"end":{"line":14,"column":26}}]},"6":{"type":"branch","line":23,"loc":{"start":{"line":23,"column":8},"end":{"line":25,"column":9}},"locations":[{"start":{"line":23,"column":8},"end":{"line":25,"column":9}}]},"7":{"type":"branch","line":28,"loc":{"start":{"line":28,"column":14},"end":{"line":35,"column":7}},"locations":[{"start":{"line":28,"column":14},"end":{"line":35,"column":7}}]},"8":{"type":"branch","line":30,"loc":{"start":{"line":30,"column":21},"end":{"line":32,"column":9}},"locations":[{"start":{"line":30,"column":21},"end":{"line":32,"column":9}}]}},"b":{"0":[1],"1":[0],"2":[0],"3":[0],"4":[1],"5":[0],"6":[0],"7":[1],"8":[0]},"fnMap":{"0":{"name":"MyChats","decl":{"start":{"line":8,"column":16},"end":{"line":83,"column":2}},"loc":{"start":{"line":8,"column":16},"end":{"line":83,"column":2}},"line":8},"1":{"name":"fetchChats","decl":{"start":{"line":13,"column":23},"end":{"line":26,"column":6}},"loc":{"start":{"line":13,"column":23},"end":{"line":26,"column":6}},"line":13}},"f":{"0":1,"1":1}}
,"/Users/macbook/Documents/ChatApp/client/src/components/ScrollableChat.tsx": {"path":"/Users/macbook/Documents/ChatApp/client/src/components/ScrollableChat.tsx","all":false,"statementMap":{"0":{"start":{"line":1,"column":0},"end":{"line":1,"column":40}},"1":{"start":{"line":2,"column":0},"end":{"line":2,"column":51}},"2":{"start":{"line":3,"column":0},"end":{"line":3,"column":53}},"3":{"start":{"line":4,"column":0},"end":{"line":4,"column":99}},"4":{"start":{"line":5,"column":0},"end":{"line":5,"column":52}},"13":{"start":{"line":14,"column":0},"end":{"line":14,"column":32}},"14":{"start":{"line":15,"column":0},"end":{"line":15,"column":104}},"15":{"start":{"line":16,"column":0},"end":{"line":16,"column":113}},"16":{"start":{"line":17,"column":0},"end":{"line":17,"column":10}},"19":{"start":{"line":20,"column":0},"end":{"line":20,"column":93}},"20":{"start":{"line":21,"column":0},"end":{"line":21,"column":63}},"21":{"start":{"line":22,"column":0},"end":{"line":22,"column":13}},"22":{"start":{"line":23,"column":0},"end":{"line":23,"column":259}},"23":{"start":{"line":24,"column":0},"end":{"line":24,"column":61}},"24":{"start":{"line":25,"column":0},"end":{"line":25,"column":36}},"25":{"start":{"line":26,"column":0},"end":{"line":26,"column":26}},"26":{"start":{"line":27,"column":0},"end":{"line":27,"column":14}},"27":{"start":{"line":28,"column":0},"end":{"line":28,"column":19}},"28":{"start":{"line":29,"column":0},"end":{"line":29,"column":25}},"29":{"start":{"line":30,"column":0},"end":{"line":30,"column":52}},"30":{"start":{"line":31,"column":0},"end":{"line":31,"column":52}},"31":{"start":{"line":32,"column":0},"end":{"line":32,"column":53}},"32":{"start":{"line":33,"column":0},"end":{"line":33,"column":50}},"33":{"start":{"line":34,"column":0},"end":{"line":34,"column":55}},"34":{"start":{"line":35,"column":0},"end":{"line":35,"column":50}},"36":{"start":{"line":37,"column":0},"end":{"line":37,"column":200}},"37":{"start":{"line":38,"column":0},"end":{"line":38,"column":43}},"38":{"start":{"line":39,"column":0},"end":{"line":39,"column":31}},"39":{"start":{"line":40,"column":0},"end":{"line":40,"column":42}},"40":{"start":{"line":41,"column":0},"end":{"line":41,"column":201}},"42":{"start":{"line":43,"column":0},"end":{"line":43,"column":37}},"44":{"start":{"line":45,"column":0},"end":{"line":45,"column":32}},"45":{"start":{"line":46,"column":0},"end":{"line":46,"column":31}},"46":{"start":{"line":47,"column":0},"end":{"line":47,"column":42}},"47":{"start":{"line":48,"column":0},"end":{"line":48,"column":202}},"49":{"start":{"line":50,"column":0},"end":{"line":50,"column":37}},"51":{"start":{"line":52,"column":0},"end":{"line":52,"column":32}},"52":{"start":{"line":53,"column":0},"end":{"line":53,"column":22}},"53":{"start":{"line":54,"column":0},"end":{"line":54,"column":25}},"54":{"start":{"line":55,"column":0},"end":{"line":55,"column":21}},"55":{"start":{"line":56,"column":0},"end":{"line":56,"column":11}},"58":{"start":{"line":59,"column":0},"end":{"line":59,"column":81}},"59":{"start":{"line":60,"column":0},"end":{"line":60,"column":31}},"61":{"start":{"line":62,"column":0},"end":{"line":62,"column":10}},"62":{"start":{"line":63,"column":0},"end":{"line":63,"column":20}},"63":{"start":{"line":64,"column":0},"end":{"line":64,"column":18}},"64":{"start":{"line":65,"column":0},"end":{"line":65,"column":32}},"65":{"start":{"line":66,"column":0},"end":{"line":66,"column":88}},"74":{"start":{"line":75,"column":0},"end":{"line":75,"column":105}},"75":{"start":{"line":76,"column":0},"end":{"line":76,"column":21}},"76":{"start":{"line":77,"column":0},"end":{"line":77,"column":28}},"77":{"start":{"line":78,"column":0},"end":{"line":78,"column":44}},"78":{"start":{"line":79,"column":0},"end":{"line":79,"column":74}},"79":{"start":{"line":80,"column":0},"end":{"line":80,"column":27}},"80":{"start":{"line":81,"column":0},"end":{"line":81,"column":34}},"81":{"start":{"line":82,"column":0},"end":{"line":82,"column":74}},"82":{"start":{"line":83,"column":0},"end":{"line":83,"column":27}},"83":{"start":{"line":84,"column":0},"end":{"line":84,"column":22}},"84":{"start":{"line":85,"column":0},"end":{"line":85,"column":244}},"86":{"start":{"line":87,"column":0},"end":{"line":87,"column":120}},"87":{"start":{"line":88,"column":0},"end":{"line":88,"column":23}},"89":{"start":{"line":90,"column":0},"end":{"line":90,"column":65}},"90":{"start":{"line":91,"column":0},"end":{"line":91,"column":107}},"91":{"start":{"line":92,"column":0},"end":{"line":92,"column":97}},"92":{"start":{"line":93,"column":0},"end":{"line":93,"column":26}},"94":{"start":{"line":95,"column":0},"end":{"line":95,"column":18}},"95":{"start":{"line":96,"column":0},"end":{"line":96,"column":16}},"96":{"start":{"line":97,"column":0},"end":{"line":97,"column":11}},"97":{"start":{"line":98,"column":0},"end":{"line":98,"column":21}},"99":{"start":{"line":100,"column":0},"end":{"line":100,"column":2}},"101":{"start":{"line":102,"column":0},"end":{"line":102,"column":30}}},"s":{"0":1,"1":1,"2":1,"3":1,"4":1,"13":1,"14":1,"15":1,"16":1,"19":1,"20":1,"21":1,"22":1,"23":1,"24":1,"25":1,"26":1,"27":1,"28":1,"29":1,"30":1,"31":1,"32":1,"33":1,"34":1,"36":1,"37":1,"38":1,"39":1,"40":0,"42":0,"44":1,"45":1,"46":1,"47":0,"49":0,"51":1,"52":1,"53":1,"54":1,"55":1,"58":1,"59":2,"61":2,"62":2,"63":2,"64":2,"65":2,"74":2,"75":2,"76":2,"77":2,"78":2,"79":2,"80":2,"81":2,"82":2,"83":2,"84":2,"86":2,"87":2,"89":2,"90":1,"91":1,"92":1,"94":2,"95":2,"96":2,"97":2,"99":2,"101":1},"branchMap":{"0":{"type":"branch","line":14,"loc":{"start":{"line":14,"column":25},"end":{"line":17,"column":10}},"locations":[{"start":{"line":14,"column":25},"end":{"line":17,"column":10}}]},"1":{"type":"branch","line":20,"loc":{"start":{"line":20,"column":20},"end":{"line":56,"column":11}},"locations":[{"start":{"line":20,"column":20},"end":{"line":56,"column":11}}]},"2":{"type":"branch","line":59,"loc":{"start":{"line":59,"column":23},"end":{"line":100,"column":2}},"locations":[{"start":{"line":59,"column":23},"end":{"line":100,"column":2}}]},"3":{"type":"branch","line":65,"loc":{"start":{"line":65,"column":21},"end":{"line":96,"column":16}},"locations":[{"start":{"line":65,"column":21},"end":{"line":96,"column":16}}]},"4":{"type":"branch","line":75,"loc":{"start":{"line":75,"column":73},"end":{"line":75,"column":91}},"locations":[{"start":{"line":75,"column":73},"end":{"line":75,"column":91}}]},"5":{"type":"branch","line":75,"loc":{"start":{"line":75,"column":79},"end":{"line":75,"column":93}},"locations":[{"start":{"line":75,"column":79},"end":{"line":75,"column":93}}]},"6":{"type":"branch","line":79,"loc":{"start":{"line":79,"column":47},"end":{"line":79,"column":65}},"locations":[{"start":{"line":79,"column":47},"end":{"line":79,"column":65}}]},"7":{"type":"branch","line":79,"loc":{"start":{"line":79,"column":53},"end":{"line":79,"column":74}},"locations":[{"start":{"line":79,"column":53},"end":{"line":79,"column":74}}]},"8":{"type":"branch","line":82,"loc":{"start":{"line":82,"column":47},"end":{"line":82,"column":65}},"locations":[{"start":{"line":82,"column":47},"end":{"line":82,"column":65}}]},"9":{"type":"branch","line":82,"loc":{"start":{"line":82,"column":53},"end":{"line":82,"column":74}},"locations":[{"start":{"line":82,"column":53},"end":{"line":82,"column":74}}]},"10":{"type":"branch","line":85,"loc":{"start":{"line":85,"column":129},"end":{"line":85,"column":138}},"locations":[{"start":{"line":85,"column":129},"end":{"line":85,"column":138}}]},"11":{"type":"branch","line":85,"loc":{"start":{"line":85,"column":174},"end":{"line":85,"column":184}},"locations":[{"start":{"line":85,"column":174},"end":{"line":85,"column":184}}]},"12":{"type":"branch","line":87,"loc":{"start":{"line":87,"column":19},"end":{"line":87,"column":110}},"locations":[{"start":{"line":87,"column":19},"end":{"line":87,"column":110}}]},"13":{"type":"branch","line":90,"loc":{"start":{"line":90,"column":41},"end":{"line":90,"column":65}},"locations":[{"start":{"line":90,"column":41},"end":{"line":90,"column":65}}]},"14":{"type":"branch","line":90,"loc":{"start":{"line":90,"column":51},"end":{"line":93,"column":26}},"locations":[{"start":{"line":90,"column":51},"end":{"line":93,"column":26}}]}},"b":{"0":[1],"1":[1],"2":[2],"3":[2],"4":[1],"5":[1],"6":[1],"7":[1],"8":[1],"9":[1],"10":[0],"11":[0],"12":[0],"13":[1],"14":[1]},"fnMap":{"0":{"name":"DotsVerticalIcon","decl":{"start":{"line":14,"column":25},"end":{"line":17,"column":10}},"loc":{"start":{"line":14,"column":25},"end":{"line":17,"column":10}},"line":14},"1":{"name":"MessageMenu","decl":{"start":{"line":20,"column":20},"end":{"line":56,"column":11}},"loc":{"start":{"line":20,"column":20},"end":{"line":56,"column":11}},"line":20},"2":{"name":"children","decl":{"start":{"line":40,"column":25},"end":{"line":43,"column":37}},"loc":{"start":{"line":40,"column":25},"end":{"line":43,"column":37}},"line":40},"3":{"name":"children","decl":{"start":{"line":47,"column":25},"end":{"line":50,"column":37}},"loc":{"start":{"line":47,"column":25},"end":{"line":50,"column":37}},"line":47},"4":{"name":"ScrollableChat","decl":{"start":{"line":59,"column":23},"end":{"line":100,"column":2}},"loc":{"start":{"line":59,"column":23},"end":{"line":100,"column":2}},"line":59},"5":{"name":"onEdit","decl":{"start":{"line":92,"column":45},"end":{"line":92,"column":62}},"loc":{"start":{"line":92,"column":45},"end":{"line":92,"column":62}},"line":92},"6":{"name":"onDelete","decl":{"start":{"line":92,"column":72},"end":{"line":92,"column":95}},"loc":{"start":{"line":92,"column":72},"end":{"line":92,"column":95}},"line":92}},"f":{"0":1,"1":1,"2":0,"3":0,"4":2,"5":0,"6":0}}
,"/Users/macbook/Documents/ChatApp/client/src/components/SingleChat.tsx": {"path":"/Users/macbook/Documents/ChatApp/client/src/components/SingleChat.tsx","all":false,"statementMap":{"0":{"start":{"line":1,"column":0},"end":{"line":1,"column":51}},"1":{"start":{"line":2,"column":0},"end":{"line":2,"column":26}},"2":{"start":{"line":3,"column":0},"end":{"line":3,"column":52}},"3":{"start":{"line":4,"column":0},"end":{"line":4,"column":53}},"4":{"start":{"line":5,"column":0},"end":{"line":5,"column":56}},"5":{"start":{"line":6,"column":0},"end":{"line":6,"column":46}},"7":{"start":{"line":8,"column":0},"end":{"line":8,"column":66}},"8":{"start":{"line":9,"column":0},"end":{"line":9,"column":45}},"10":{"start":{"line":11,"column":0},"end":{"line":11,"column":82}},"12":{"start":{"line":13,"column":0},"end":{"line":13,"column":26}},"13":{"start":{"line":14,"column":0},"end":{"line":14,"column":58}},"14":{"start":{"line":15,"column":0},"end":{"line":15,"column":48}},"15":{"start":{"line":16,"column":0},"end":{"line":16,"column":51}},"16":{"start":{"line":17,"column":0},"end":{"line":17,"column":46}},"17":{"start":{"line":18,"column":0},"end":{"line":18,"column":50}},"18":{"start":{"line":19,"column":0},"end":{"line":19,"column":52}},"19":{"start":{"line":20,"column":0},"end":{"line":20,"column":77}},"22":{"start":{"line":23,"column":0},"end":{"line":23,"column":70}},"23":{"start":{"line":24,"column":0},"end":{"line":24,"column":82}},"25":{"start":{"line":26,"column":0},"end":{"line":26,"column":95}},"27":{"start":{"line":28,"column":0},"end":{"line":28,"column":37}},"28":{"start":{"line":29,"column":0},"end":{"line":29,"column":41}},"29":{"start":{"line":30,"column":0},"end":{"line":30,"column":9}},"30":{"start":{"line":31,"column":0},"end":{"line":31,"column":77}},"31":{"start":{"line":32,"column":0},"end":{"line":32,"column":23}},"32":{"start":{"line":33,"column":0},"end":{"line":33,"column":94}},"33":{"start":{"line":34,"column":0},"end":{"line":34,"column":24}},"34":{"start":{"line":35,"column":0},"end":{"line":35,"column":24}},"35":{"start":{"line":36,"column":0},"end":{"line":36,"column":49}},"36":{"start":{"line":37,"column":0},"end":{"line":37,"column":21}},"37":{"start":{"line":38,"column":0},"end":{"line":38,"column":59}},"38":{"start":{"line":39,"column":0},"end":{"line":39,"column":24}},"39":{"start":{"line":40,"column":0},"end":{"line":40,"column":5}},"40":{"start":{"line":41,"column":0},"end":{"line":41,"column":4}},"42":{"start":{"line":43,"column":0},"end":{"line":43,"column":59}},"43":{"start":{"line":44,"column":0},"end":{"line":44,"column":27}},"50":{"start":{"line":51,"column":0},"end":{"line":51,"column":34}},"51":{"start":{"line":52,"column":0},"end":{"line":52,"column":31}},"52":{"start":{"line":53,"column":0},"end":{"line":53,"column":38}},"53":{"start":{"line":54,"column":0},"end":{"line":54,"column":8}},"55":{"start":{"line":56,"column":0},"end":{"line":56,"column":44}},"56":{"start":{"line":57,"column":0},"end":{"line":57,"column":71}},"57":{"start":{"line":58,"column":0},"end":{"line":58,"column":8}},"60":{"start":{"line":61,"column":0},"end":{"line":61,"column":104}},"61":{"start":{"line":62,"column":0},"end":{"line":62,"column":7}},"62":{"start":{"line":63,"column":0},"end":{"line":63,"column":4}},"64":{"start":{"line":65,"column":0},"end":{"line":65,"column":19}},"65":{"start":{"line":66,"column":0},"end":{"line":66,"column":20}},"66":{"start":{"line":67,"column":0},"end":{"line":67,"column":28}},"67":{"start":{"line":68,"column":0},"end":{"line":68,"column":22}},"69":{"start":{"line":70,"column":0},"end":{"line":70,"column":21}},"71":{"start":{"line":72,"column":0},"end":{"line":72,"column":19}},"72":{"start":{"line":73,"column":0},"end":{"line":73,"column":24}},"74":{"start":{"line":75,"column":0},"end":{"line":75,"column":72}},"75":{"start":{"line":76,"column":0},"end":{"line":76,"column":36}},"76":{"start":{"line":77,"column":0},"end":{"line":77,"column":83}},"77":{"start":{"line":78,"column":0},"end":{"line":78,"column":29}},"78":{"start":{"line":79,"column":0},"end":{"line":79,"column":89}},"79":{"start":{"line":80,"column":0},"end":{"line":80,"column":17}},"80":{"start":{"line":81,"column":0},"end":{"line":81,"column":51}},"81":{"start":{"line":82,"column":0},"end":{"line":82,"column":10}},"82":{"start":{"line":83,"column":0},"end":{"line":83,"column":10}},"83":{"start":{"line":84,"column":0},"end":{"line":84,"column":5}},"85":{"start":{"line":86,"column":0},"end":{"line":86,"column":63}},"87":{"start":{"line":88,"column":0},"end":{"line":88,"column":60}},"88":{"start":{"line":89,"column":0},"end":{"line":89,"column":104}},"89":{"start":{"line":90,"column":0},"end":{"line":90,"column":9}},"91":{"start":{"line":92,"column":0},"end":{"line":92,"column":43}},"92":{"start":{"line":93,"column":0},"end":{"line":93,"column":6}},"93":{"start":{"line":94,"column":0},"end":{"line":94,"column":54}},"95":{"start":{"line":96,"column":0},"end":{"line":96,"column":50}},"96":{"start":{"line":97,"column":0},"end":{"line":97,"column":55}},"98":{"start":{"line":99,"column":0},"end":{"line":99,"column":39}},"99":{"start":{"line":100,"column":0},"end":{"line":100,"column":48}},"101":{"start":{"line":102,"column":0},"end":{"line":102,"column":18}},"102":{"start":{"line":103,"column":0},"end":{"line":103,"column":57}},"103":{"start":{"line":104,"column":0},"end":{"line":104,"column":42}},"104":{"start":{"line":105,"column":0},"end":{"line":105,"column":51}},"105":{"start":{"line":106,"column":0},"end":{"line":106,"column":5}},"107":{"start":{"line":108,"column":0},"end":{"line":108,"column":44}},"109":{"start":{"line":110,"column":0},"end":{"line":110,"column":41}},"110":{"start":{"line":111,"column":0},"end":{"line":111,"column":31}},"111":{"start":{"line":112,"column":0},"end":{"line":112,"column":52}},"112":{"start":{"line":113,"column":0},"end":{"line":113,"column":25}},"113":{"start":{"line":114,"column":0},"end":{"line":114,"column":11}},"114":{"start":{"line":115,"column":0},"end":{"line":115,"column":115}},"115":{"start":{"line":116,"column":0},"end":{"line":116,"column":129}},"116":{"start":{"line":117,"column":0},"end":{"line":117,"column":26}},"117":{"start":{"line":118,"column":0},"end":{"line":118,"column":41}},"118":{"start":{"line":119,"column":0},"end":{"line":119,"column":45}},"119":{"start":{"line":120,"column":0},"end":{"line":120,"column":33}},"120":{"start":{"line":121,"column":0},"end":{"line":121,"column":23}},"121":{"start":{"line":122,"column":0},"end":{"line":122,"column":60}},"122":{"start":{"line":123,"column":0},"end":{"line":123,"column":17}},"123":{"start":{"line":124,"column":0},"end":{"line":124,"column":28}},"124":{"start":{"line":125,"column":0},"end":{"line":125,"column":7}},"125":{"start":{"line":126,"column":0},"end":{"line":126,"column":5}},"126":{"start":{"line":127,"column":0},"end":{"line":127,"column":4}},"128":{"start":{"line":129,"column":0},"end":{"line":129,"column":43}},"129":{"start":{"line":130,"column":0},"end":{"line":130,"column":58}},"130":{"start":{"line":131,"column":0},"end":{"line":131,"column":50}},"131":{"start":{"line":132,"column":0},"end":{"line":132,"column":23}},"132":{"start":{"line":133,"column":0},"end":{"line":133,"column":9}},"133":{"start":{"line":134,"column":0},"end":{"line":134,"column":115}},"134":{"start":{"line":135,"column":0},"end":{"line":135,"column":132}},"135":{"start":{"line":136,"column":0},"end":{"line":136,"column":44}},"136":{"start":{"line":137,"column":0},"end":{"line":137,"column":80}},"137":{"start":{"line":138,"column":0},"end":{"line":138,"column":33}},"138":{"start":{"line":139,"column":0},"end":{"line":139,"column":27}},"139":{"start":{"line":140,"column":0},"end":{"line":140,"column":21}},"140":{"start":{"line":141,"column":0},"end":{"line":141,"column":42}},"141":{"start":{"line":142,"column":0},"end":{"line":142,"column":15}},"142":{"start":{"line":143,"column":0},"end":{"line":143,"column":28}},"143":{"start":{"line":144,"column":0},"end":{"line":144,"column":5}},"144":{"start":{"line":145,"column":0},"end":{"line":145,"column":3}},"146":{"start":{"line":147,"column":0},"end":{"line":147,"column":60}},"147":{"start":{"line":148,"column":0},"end":{"line":148,"column":36}},"148":{"start":{"line":149,"column":0},"end":{"line":149,"column":32}},"149":{"start":{"line":150,"column":0},"end":{"line":150,"column":4}},"151":{"start":{"line":152,"column":0},"end":{"line":152,"column":37}},"152":{"start":{"line":153,"column":0},"end":{"line":153,"column":45}},"153":{"start":{"line":154,"column":0},"end":{"line":154,"column":9}},"154":{"start":{"line":155,"column":0},"end":{"line":155,"column":79}},"155":{"start":{"line":156,"column":0},"end":{"line":156,"column":109}},"156":{"start":{"line":157,"column":0},"end":{"line":157,"column":44}},"157":{"start":{"line":158,"column":0},"end":{"line":158,"column":80}},"158":{"start":{"line":159,"column":0},"end":{"line":159,"column":33}},"159":{"start":{"line":160,"column":0},"end":{"line":160,"column":21}},"160":{"start":{"line":161,"column":0},"end":{"line":161,"column":42}},"161":{"start":{"line":162,"column":0},"end":{"line":162,"column":15}},"162":{"start":{"line":163,"column":0},"end":{"line":163,"column":37}},"163":{"start":{"line":164,"column":0},"end":{"line":164,"column":35}},"164":{"start":{"line":165,"column":0},"end":{"line":165,"column":5}},"165":{"start":{"line":166,"column":0},"end":{"line":166,"column":3}},"167":{"start":{"line":168,"column":0},"end":{"line":168,"column":49}},"168":{"start":{"line":169,"column":0},"end":{"line":169,"column":34}},"169":{"start":{"line":170,"column":0},"end":{"line":170,"column":31}},"170":{"start":{"line":171,"column":0},"end":{"line":171,"column":35}},"171":{"start":{"line":172,"column":0},"end":{"line":172,"column":3}},"173":{"start":{"line":174,"column":0},"end":{"line":174,"column":34}},"174":{"start":{"line":175,"column":0},"end":{"line":175,"column":28}},"175":{"start":{"line":176,"column":0},"end":{"line":176,"column":22}},"176":{"start":{"line":177,"column":0},"end":{"line":177,"column":3}},"178":{"start":{"line":179,"column":0},"end":{"line":179,"column":57}},"179":{"start":{"line":180,"column":0},"end":{"line":180,"column":46}},"180":{"start":{"line":181,"column":0},"end":{"line":181,"column":31}},"181":{"start":{"line":182,"column":0},"end":{"line":182,"column":29}},"182":{"start":{"line":183,"column":0},"end":{"line":183,"column":34}},"183":{"start":{"line":184,"column":0},"end":{"line":184,"column":16}},"184":{"start":{"line":185,"column":0},"end":{"line":185,"column":32}},"185":{"start":{"line":186,"column":0},"end":{"line":186,"column":9}},"186":{"start":{"line":187,"column":0},"end":{"line":187,"column":5}},"187":{"start":{"line":188,"column":0},"end":{"line":188,"column":4}},"189":{"start":{"line":190,"column":0},"end":{"line":190,"column":69}},"190":{"start":{"line":191,"column":0},"end":{"line":191,"column":34}},"191":{"start":{"line":192,"column":0},"end":{"line":192,"column":24}},"192":{"start":{"line":193,"column":0},"end":{"line":193,"column":18}},"193":{"start":{"line":194,"column":0},"end":{"line":194,"column":22}},"194":{"start":{"line":195,"column":0},"end":{"line":195,"column":47}},"195":{"start":{"line":196,"column":0},"end":{"line":196,"column":5}},"196":{"start":{"line":197,"column":0},"end":{"line":197,"column":46}},"197":{"start":{"line":198,"column":0},"end":{"line":198,"column":27}},"198":{"start":{"line":199,"column":0},"end":{"line":199,"column":22}},"199":{"start":{"line":200,"column":0},"end":{"line":200,"column":41}},"200":{"start":{"line":201,"column":0},"end":{"line":201,"column":46}},"201":{"start":{"line":202,"column":0},"end":{"line":202,"column":46}},"202":{"start":{"line":203,"column":0},"end":{"line":203,"column":54}},"203":{"start":{"line":204,"column":0},"end":{"line":204,"column":25}},"204":{"start":{"line":205,"column":0},"end":{"line":205,"column":7}},"205":{"start":{"line":206,"column":0},"end":{"line":206,"column":20}},"206":{"start":{"line":207,"column":0},"end":{"line":207,"column":4}},"208":{"start":{"line":209,"column":0},"end":{"line":209,"column":82}},"210":{"start":{"line":211,"column":0},"end":{"line":211,"column":10}},"211":{"start":{"line":212,"column":0},"end":{"line":212,"column":6}},"212":{"start":{"line":213,"column":0},"end":{"line":213,"column":144}},"213":{"start":{"line":214,"column":0},"end":{"line":214,"column":54}},"214":{"start":{"line":215,"column":0},"end":{"line":215,"column":80}},"215":{"start":{"line":216,"column":0},"end":{"line":216,"column":237}},"216":{"start":{"line":217,"column":0},"end":{"line":217,"column":21}},"217":{"start":{"line":218,"column":0},"end":{"line":218,"column":27}},"218":{"start":{"line":219,"column":0},"end":{"line":219,"column":47}},"219":{"start":{"line":220,"column":0},"end":{"line":220,"column":137}},"220":{"start":{"line":221,"column":0},"end":{"line":221,"column":118}},"221":{"start":{"line":222,"column":0},"end":{"line":222,"column":89}},"222":{"start":{"line":223,"column":0},"end":{"line":223,"column":26}},"223":{"start":{"line":224,"column":0},"end":{"line":224,"column":31}},"225":{"start":{"line":226,"column":0},"end":{"line":226,"column":14}},"226":{"start":{"line":227,"column":0},"end":{"line":227,"column":12}},"227":{"start":{"line":228,"column":0},"end":{"line":228,"column":128}},"228":{"start":{"line":229,"column":0},"end":{"line":229,"column":20}},"229":{"start":{"line":230,"column":0},"end":{"line":230,"column":72}},"231":{"start":{"line":232,"column":0},"end":{"line":232,"column":92}},"232":{"start":{"line":233,"column":0},"end":{"line":233,"column":112}},"233":{"start":{"line":234,"column":0},"end":{"line":234,"column":16}},"235":{"start":{"line":236,"column":0},"end":{"line":236,"column":30}},"236":{"start":{"line":237,"column":0},"end":{"line":237,"column":23}},"237":{"start":{"line":238,"column":0},"end":{"line":238,"column":100}},"238":{"start":{"line":239,"column":0},"end":{"line":239,"column":47}},"240":{"start":{"line":241,"column":0},"end":{"line":241,"column":30}},"241":{"start":{"line":242,"column":0},"end":{"line":242,"column":118}},"242":{"start":{"line":243,"column":0},"end":{"line":243,"column":49}},"243":{"start":{"line":244,"column":0},"end":{"line":244,"column":97}},"244":{"start":{"line":245,"column":0},"end":{"line":245,"column":112}},"245":{"start":{"line":246,"column":0},"end":{"line":246,"column":22}},"246":{"start":{"line":247,"column":0},"end":{"line":247,"column":122}},"247":{"start":{"line":248,"column":0},"end":{"line":248,"column":234}},"248":{"start":{"line":249,"column":0},"end":{"line":249,"column":25}},"249":{"start":{"line":250,"column":0},"end":{"line":250,"column":18}},"251":{"start":{"line":252,"column":0},"end":{"line":252,"column":55}},"252":{"start":{"line":253,"column":0},"end":{"line":253,"column":18}},"253":{"start":{"line":254,"column":0},"end":{"line":254,"column":189}},"254":{"start":{"line":255,"column":0},"end":{"line":255,"column":45}},"255":{"start":{"line":256,"column":0},"end":{"line":256,"column":32}},"256":{"start":{"line":257,"column":0},"end":{"line":257,"column":39}},"257":{"start":{"line":258,"column":0},"end":{"line":258,"column":38}},"258":{"start":{"line":259,"column":0},"end":{"line":259,"column":14}},"259":{"start":{"line":260,"column":0},"end":{"line":260,"column":242}},"260":{"start":{"line":261,"column":0},"end":{"line":261,"column":35}},"261":{"start":{"line":262,"column":0},"end":{"line":262,"column":314}},"263":{"start":{"line":264,"column":0},"end":{"line":264,"column":181}},"264":{"start":{"line":265,"column":0},"end":{"line":265,"column":221}},"265":{"start":{"line":266,"column":0},"end":{"line":266,"column":26}},"267":{"start":{"line":268,"column":0},"end":{"line":268,"column":21}},"268":{"start":{"line":269,"column":0},"end":{"line":269,"column":16}},"269":{"start":{"line":270,"column":0},"end":{"line":270,"column":14}},"270":{"start":{"line":271,"column":0},"end":{"line":271,"column":12}},"271":{"start":{"line":272,"column":0},"end":{"line":272,"column":24}},"272":{"start":{"line":273,"column":0},"end":{"line":273,"column":37}},"273":{"start":{"line":274,"column":0},"end":{"line":274,"column":54}},"274":{"start":{"line":275,"column":0},"end":{"line":275,"column":35}},"275":{"start":{"line":276,"column":0},"end":{"line":276,"column":32}},"276":{"start":{"line":277,"column":0},"end":{"line":277,"column":30}},"277":{"start":{"line":278,"column":0},"end":{"line":278,"column":77}},"279":{"start":{"line":280,"column":0},"end":{"line":280,"column":92}},"280":{"start":{"line":281,"column":0},"end":{"line":281,"column":26}},"281":{"start":{"line":282,"column":0},"end":{"line":282,"column":7}},"283":{"start":{"line":284,"column":0},"end":{"line":284,"column":2}},"285":{"start":{"line":286,"column":0},"end":{"line":286,"column":26}}},"s":{"0":1,"1":1,"2":1,"3":1,"4":1,"5":1,"7":1,"8":1,"10":1,"12":1,"13":3,"14":3,"15":3,"16":3,"17":3,"18":3,"19":3,"22":3,"23":3,"25":3,"27":3,"28":1,"29":1,"30":1,"31":1,"32":1,"33":1,"34":1,"35":1,"36":1,"37":0,"38":0,"39":0,"40":1,"42":3,"43":0,"50":0,"51":0,"52":0,"53":0,"55":0,"56":0,"57":0,"60":0,"61":0,"62":0,"64":3,"65":1,"66":1,"67":1,"69":3,"71":3,"72":1,"74":1,"75":0,"76":0,"77":0,"78":0,"79":0,"80":0,"81":0,"82":0,"83":0,"85":1,"87":0,"88":0,"89":0,"91":0,"92":0,"93":1,"95":1,"96":1,"98":1,"99":1,"101":1,"102":1,"103":1,"104":1,"105":1,"107":3,"109":3,"110":0,"111":0,"112":0,"113":0,"114":0,"115":0,"116":0,"117":0,"118":0,"119":0,"120":0,"121":0,"122":0,"123":0,"124":0,"125":0,"126":0,"128":3,"129":0,"130":0,"131":0,"132":0,"133":0,"134":0,"135":0,"136":0,"137":0,"138":0,"139":0,"140":0,"141":0,"142":0,"143":0,"144":0,"146":3,"147":0,"148":0,"149":0,"151":3,"152":0,"153":0,"154":0,"155":0,"156":0,"157":0,"158":0,"159":0,"160":0,"161":0,"162":0,"163":0,"164":0,"165":0,"167":3,"168":0,"169":0,"170":0,"171":0,"173":3,"174":0,"175":0,"176":0,"178":3,"179":0,"180":0,"181":0,"182":0,"183":0,"184":0,"185":0,"186":0,"187":0,"189":3,"190":0,"191":0,"192":0,"193":0,"194":0,"195":0,"196":0,"197":0,"198":0,"199":0,"200":0,"201":0,"202":0,"203":0,"204":0,"205":0,"206":0,"208":3,"210":3,"211":3,"212":3,"213":3,"214":3,"215":3,"216":3,"217":3,"218":2,"219":2,"220":2,"221":2,"222":2,"223":2,"225":3,"226":3,"227":3,"228":3,"229":1,"231":1,"232":1,"233":1,"235":3,"236":3,"237":0,"238":2,"240":3,"241":0,"242":0,"243":0,"244":0,"245":0,"246":0,"247":0,"248":0,"249":0,"251":3,"252":3,"253":3,"254":3,"255":3,"256":3,"257":3,"258":3,"259":3,"260":3,"261":0,"263":2,"264":2,"265":2,"267":3,"268":3,"269":3,"270":3,"271":3,"272":3,"273":3,"274":3,"275":3,"276":3,"277":3,"279":3,"280":3,"281":3,"283":3,"285":1},"branchMap":{"0":{"type":"branch","line":11,"loc":{"start":{"line":11,"column":42},"end":{"line":11,"column":82}},"locations":[{"start":{"line":11,"column":42},"end":{"line":11,"column":82}}]},"1":{"type":"branch","line":13,"loc":{"start":{"line":13,"column":19},"end":{"line":284,"column":2}},"locations":[{"start":{"line":13,"column":19},"end":{"line":284,"column":2}}]},"2":{"type":"branch","line":209,"loc":{"start":{"line":209,"column":20},"end":{"line":209,"column":77}},"locations":[{"start":{"line":209,"column":20},"end":{"line":209,"column":77}}]},"3":{"type":"branch","line":209,"loc":{"start":{"line":209,"column":73},"end":{"line":209,"column":82}},"locations":[{"start":{"line":209,"column":73},"end":{"line":209,"column":82}}]},"4":{"type":"branch","line":218,"loc":{"start":{"line":218,"column":13},"end":{"line":224,"column":31}},"locations":[{"start":{"line":218,"column":13},"end":{"line":224,"column":31}}]},"5":{"type":"branch","line":229,"loc":{"start":{"line":229,"column":9},"end":{"line":230,"column":72}},"locations":[{"start":{"line":229,"column":9},"end":{"line":230,"column":72}}]},"6":{"type":"branch","line":230,"loc":{"start":{"line":230,"column":70},"end":{"line":234,"column":16}},"locations":[{"start":{"line":230,"column":70},"end":{"line":234,"column":16}}]},"7":{"type":"branch","line":237,"loc":{"start":{"line":237,"column":11},"end":{"line":238,"column":100}},"locations":[{"start":{"line":237,"column":11},"end":{"line":238,"column":100}}]},"8":{"type":"branch","line":238,"loc":{"start":{"line":238,"column":94},"end":{"line":239,"column":47}},"locations":[{"start":{"line":238,"column":94},"end":{"line":239,"column":47}}]},"9":{"type":"branch","line":241,"loc":{"start":{"line":241,"column":11},"end":{"line":250,"column":18}},"locations":[{"start":{"line":241,"column":11},"end":{"line":250,"column":18}}]},"10":{"type":"branch","line":254,"loc":{"start":{"line":254,"column":140},"end":{"line":254,"column":174}},"locations":[{"start":{"line":254,"column":140},"end":{"line":254,"column":174}}]},"11":{"type":"branch","line":254,"loc":{"start":{"line":254,"column":157},"end":{"line":254,"column":186}},"locations":[{"start":{"line":254,"column":157},"end":{"line":254,"column":186}}]},"12":{"type":"branch","line":260,"loc":{"start":{"line":260,"column":29},"end":{"line":260,"column":68}},"locations":[{"start":{"line":260,"column":29},"end":{"line":260,"column":68}}]},"13":{"type":"branch","line":260,"loc":{"start":{"line":260,"column":46},"end":{"line":260,"column":87}},"locations":[{"start":{"line":260,"column":46},"end":{"line":260,"column":87}}]},"14":{"type":"branch","line":260,"loc":{"start":{"line":260,"column":97},"end":{"line":260,"column":123}},"locations":[{"start":{"line":260,"column":97},"end":{"line":260,"column":123}}]},"15":{"type":"branch","line":261,"loc":{"start":{"line":261,"column":17},"end":{"line":262,"column":314}},"locations":[{"start":{"line":261,"column":17},"end":{"line":262,"column":314}}]},"16":{"type":"branch","line":262,"loc":{"start":{"line":262,"column":308},"end":{"line":266,"column":26}},"locations":[{"start":{"line":262,"column":308},"end":{"line":266,"column":26}}]},"17":{"type":"branch","line":264,"loc":{"start":{"line":264,"column":143},"end":{"line":264,"column":175}},"locations":[{"start":{"line":264,"column":143},"end":{"line":264,"column":175}}]},"18":{"type":"branch","line":28,"loc":{"start":{"line":28,"column":24},"end":{"line":41,"column":4}},"locations":[{"start":{"line":28,"column":24},"end":{"line":41,"column":4}}]},"19":{"type":"branch","line":29,"loc":{"start":{"line":29,"column":34},"end":{"line":29,"column":41}},"locations":[{"start":{"line":29,"column":34},"end":{"line":29,"column":41}}]},"20":{"type":"branch","line":37,"loc":{"start":{"line":37,"column":4},"end":{"line":40,"column":5}},"locations":[{"start":{"line":37,"column":4},"end":{"line":40,"column":5}}]},"21":{"type":"branch","line":65,"loc":{"start":{"line":65,"column":12},"end":{"line":70,"column":5}},"locations":[{"start":{"line":65,"column":12},"end":{"line":70,"column":5}}]},"22":{"type":"branch","line":72,"loc":{"start":{"line":72,"column":12},"end":{"line":108,"column":5}},"locations":[{"start":{"line":72,"column":12},"end":{"line":108,"column":5}}]},"23":{"type":"branch","line":73,"loc":{"start":{"line":73,"column":17},"end":{"line":73,"column":24}},"locations":[{"start":{"line":73,"column":17},"end":{"line":73,"column":24}}]},"24":{"type":"branch","line":75,"loc":{"start":{"line":75,"column":8},"end":{"line":75,"column":71}},"locations":[{"start":{"line":75,"column":8},"end":{"line":75,"column":71}}]},"25":{"type":"branch","line":75,"loc":{"start":{"line":75,"column":71},"end":{"line":84,"column":5}},"locations":[{"start":{"line":75,"column":71},"end":{"line":84,"column":5}}]},"26":{"type":"branch","line":102,"loc":{"start":{"line":102,"column":11},"end":{"line":106,"column":5}},"locations":[{"start":{"line":102,"column":11},"end":{"line":106,"column":5}}]}},"b":{"0":[0],"1":[3],"2":[2],"3":[0],"4":[2],"5":[1],"6":[1],"7":[0],"8":[2],"9":[0],"10":[0],"11":[2],"12":[0],"13":[2],"14":[2],"15":[0],"16":[2],"17":[0],"18":[1],"19":[0],"20":[0],"21":[1],"22":[1],"23":[0],"24":[0],"25":[0],"26":[1]},"fnMap":{"0":{"name":"SingleChat","decl":{"start":{"line":13,"column":19},"end":{"line":284,"column":2}},"loc":{"start":{"line":13,"column":19},"end":{"line":284,"column":2}},"line":13},"1":{"name":"fetchMessages","decl":{"start":{"line":28,"column":24},"end":{"line":41,"column":4}},"loc":{"start":{"line":28,"column":24},"end":{"line":41,"column":4}},"line":28},"2":{"name":"updateAndSortChats","decl":{"start":{"line":43,"column":29},"end":{"line":63,"column":4}},"loc":{"start":{"line":43,"column":29},"end":{"line":63,"column":4}},"line":43},"3":{"name":"messageUpdateHandler","decl":{"start":{"line":86,"column":33},"end":{"line":93,"column":6}},"loc":{"start":{"line":86,"column":33},"end":{"line":93,"column":6}},"line":86},"4":{"name":"typingHandler2","decl":{"start":{"line":96,"column":26},"end":{"line":96,"column":50}},"loc":{"start":{"line":96,"column":26},"end":{"line":96,"column":50}},"line":96},"5":{"name":"stopTypingHandler","decl":{"start":{"line":97,"column":30},"end":{"line":97,"column":55}},"loc":{"start":{"line":97,"column":30},"end":{"line":97,"column":55}},"line":97},"6":{"name":"handleSendMessage","decl":{"start":{"line":110,"column":28},"end":{"line":127,"column":4}},"loc":{"start":{"line":110,"column":28},"end":{"line":127,"column":4}},"line":110},"7":{"name":"handleUpdateMessage","decl":{"start":{"line":129,"column":30},"end":{"line":145,"column":3}},"loc":{"start":{"line":129,"column":30},"end":{"line":145,"column":3}},"line":129},"8":{"name":"requestDeleteConfirmation","decl":{"start":{"line":147,"column":36},"end":{"line":150,"column":4}},"loc":{"start":{"line":147,"column":36},"end":{"line":150,"column":4}},"line":147},"9":{"name":"confirmDelete","decl":{"start":{"line":152,"column":24},"end":{"line":166,"column":3}},"loc":{"start":{"line":152,"column":24},"end":{"line":166,"column":3}},"line":152},"10":{"name":"handleStartEdit","decl":{"start":{"line":168,"column":26},"end":{"line":172,"column":3}},"loc":{"start":{"line":168,"column":26},"end":{"line":172,"column":3}},"line":168},"11":{"name":"handleCancelEdit","decl":{"start":{"line":174,"column":27},"end":{"line":177,"column":3}},"loc":{"start":{"line":174,"column":27},"end":{"line":177,"column":3}},"line":174},"12":{"name":"handleKeyDown","decl":{"start":{"line":179,"column":24},"end":{"line":188,"column":4}},"loc":{"start":{"line":179,"column":24},"end":{"line":188,"column":4}},"line":179},"13":{"name":"typingHandler","decl":{"start":{"line":190,"column":24},"end":{"line":207,"column":4}},"loc":{"start":{"line":190,"column":24},"end":{"line":207,"column":4}},"line":190},"14":{"name":"onClick","decl":{"start":{"line":215,"column":51},"end":{"line":215,"column":80}},"loc":{"start":{"line":215,"column":51},"end":{"line":215,"column":80}},"line":215},"15":{"name":"onClose","decl":{"start":{"line":274,"column":19},"end":{"line":274,"column":54}},"loc":{"start":{"line":274,"column":19},"end":{"line":274,"column":54}},"line":274}},"f":{"0":3,"1":1,"2":0,"3":0,"4":0,"5":0,"6":0,"7":0,"8":0,"9":0,"10":0,"11":0,"12":0,"13":0,"14":0,"15":0}}
,"/Users/macbook/Documents/ChatApp/client/src/components/UserAvatar/UserListItem.tsx": {"path":"/Users/macbook/Documents/ChatApp/client/src/components/UserAvatar/UserListItem.tsx","all":false,"statementMap":{"8":{"start":{"line":9,"column":0},"end":{"line":9,"column":81}},"9":{"start":{"line":10,"column":0},"end":{"line":10,"column":10}},"10":{"start":{"line":11,"column":0},"end":{"line":11,"column":8}},"11":{"start":{"line":12,"column":0},"end":{"line":12,"column":30}},"12":{"start":{"line":13,"column":0},"end":{"line":13,"column":198}},"14":{"start":{"line":15,"column":0},"end":{"line":15,"column":10}},"15":{"start":{"line":16,"column":0},"end":{"line":16,"column":45}},"16":{"start":{"line":17,"column":0},"end":{"line":17,"column":22}},"17":{"start":{"line":18,"column":0},"end":{"line":18,"column":23}},"18":{"start":{"line":19,"column":0},"end":{"line":19,"column":8}},"19":{"start":{"line":20,"column":0},"end":{"line":20,"column":11}},"20":{"start":{"line":21,"column":0},"end":{"line":21,"column":52}},"21":{"start":{"line":22,"column":0},"end":{"line":22,"column":31}},"22":{"start":{"line":23,"column":0},"end":{"line":23,"column":25}},"23":{"start":{"line":24,"column":0},"end":{"line":24,"column":22}},"24":{"start":{"line":25,"column":0},"end":{"line":25,"column":12}},"25":{"start":{"line":26,"column":0},"end":{"line":26,"column":12}},"26":{"start":{"line":27,"column":0},"end":{"line":27,"column":10}},"28":{"start":{"line":29,"column":0},"end":{"line":29,"column":2}},"30":{"start":{"line":31,"column":0},"end":{"line":31,"column":28}}},"s":{"8":1,"9":6,"10":6,"11":6,"12":6,"14":6,"15":6,"16":6,"17":6,"18":6,"19":6,"20":6,"21":6,"22":6,"23":6,"24":6,"25":6,"26":6,"28":6,"30":1},"branchMap":{"0":{"type":"branch","line":9,"loc":{"start":{"line":9,"column":50},"end":{"line":29,"column":2}},"locations":[{"start":{"line":9,"column":50},"end":{"line":29,"column":2}}]}},"b":{"0":[6]},"fnMap":{"0":{"name":"UserListItem","decl":{"start":{"line":9,"column":50},"end":{"line":29,"column":2}},"loc":{"start":{"line":9,"column":50},"end":{"line":29,"column":2}},"line":9}},"f":{"0":6}}
,"/Users/macbook/Documents/ChatApp/client/src/components/authentication/Login.tsx": {"path":"/Users/macbook/Documents/ChatApp/client/src/components/authentication/Login.tsx","all":false,"statementMap":{"1":{"start":{"line":2,"column":0},"end":{"line":2,"column":40}},"2":{"start":{"line":3,"column":0},"end":{"line":3,"column":42}},"3":{"start":{"line":4,"column":0},"end":{"line":4,"column":47}},"4":{"start":{"line":5,"column":0},"end":{"line":5,"column":46}},"6":{"start":{"line":7,"column":0},"end":{"line":7,"column":21}},"7":{"start":{"line":8,"column":0},"end":{"line":8,"column":43}},"8":{"start":{"line":9,"column":0},"end":{"line":9,"column":49}},"9":{"start":{"line":10,"column":0},"end":{"line":10,"column":43}},"10":{"start":{"line":11,"column":0},"end":{"line":11,"column":50}},"11":{"start":{"line":12,"column":0},"end":{"line":12,"column":35}},"12":{"start":{"line":13,"column":0},"end":{"line":13,"column":87}},"14":{"start":{"line":15,"column":0},"end":{"line":15,"column":57}},"15":{"start":{"line":16,"column":0},"end":{"line":16,"column":27}},"16":{"start":{"line":17,"column":0},"end":{"line":17,"column":25}},"17":{"start":{"line":18,"column":0},"end":{"line":18,"column":21}},"19":{"start":{"line":20,"column":0},"end":{"line":20,"column":34}},"20":{"start":{"line":21,"column":0},"end":{"line":21,"column":51}},"21":{"start":{"line":22,"column":0},"end":{"line":22,"column":30}},"22":{"start":{"line":23,"column":0},"end":{"line":23,"column":19}},"23":{"start":{"line":24,"column":0},"end":{"line":24,"column":9}},"25":{"start":{"line":26,"column":0},"end":{"line":26,"column":13}},"26":{"start":{"line":27,"column":0},"end":{"line":27,"column":28}},"27":{"start":{"line":28,"column":0},"end":{"line":28,"column":26}},"28":{"start":{"line":29,"column":0},"end":{"line":29,"column":55}},"29":{"start":{"line":30,"column":0},"end":{"line":30,"column":18}},"30":{"start":{"line":31,"column":0},"end":{"line":31,"column":14}},"32":{"start":{"line":33,"column":0},"end":{"line":33,"column":106}},"33":{"start":{"line":34,"column":0},"end":{"line":34,"column":67}},"34":{"start":{"line":35,"column":0},"end":{"line":35,"column":30}},"35":{"start":{"line":36,"column":0},"end":{"line":36,"column":31}},"36":{"start":{"line":37,"column":0},"end":{"line":37,"column":23}},"37":{"start":{"line":38,"column":0},"end":{"line":38,"column":70}},"38":{"start":{"line":39,"column":0},"end":{"line":39,"column":92}},"39":{"start":{"line":40,"column":0},"end":{"line":40,"column":30}},"40":{"start":{"line":41,"column":0},"end":{"line":41,"column":9}},"41":{"start":{"line":42,"column":0},"end":{"line":42,"column":6}},"43":{"start":{"line":44,"column":0},"end":{"line":44,"column":12}},"44":{"start":{"line":45,"column":0},"end":{"line":45,"column":80}},"45":{"start":{"line":46,"column":0},"end":{"line":46,"column":92}},"46":{"start":{"line":47,"column":0},"end":{"line":47,"column":17}},"47":{"start":{"line":48,"column":0},"end":{"line":48,"column":115}},"48":{"start":{"line":49,"column":0},"end":{"line":49,"column":22}},"49":{"start":{"line":50,"column":0},"end":{"line":50,"column":32}},"50":{"start":{"line":51,"column":0},"end":{"line":51,"column":33}},"51":{"start":{"line":52,"column":0},"end":{"line":52,"column":62}},"52":{"start":{"line":53,"column":0},"end":{"line":53,"column":234}},"53":{"start":{"line":54,"column":0},"end":{"line":54,"column":58}},"54":{"start":{"line":55,"column":0},"end":{"line":55,"column":28}},"55":{"start":{"line":56,"column":0},"end":{"line":56,"column":18}},"56":{"start":{"line":57,"column":0},"end":{"line":57,"column":18}},"57":{"start":{"line":58,"column":0},"end":{"line":58,"column":17}},"58":{"start":{"line":59,"column":0},"end":{"line":59,"column":110}},"59":{"start":{"line":60,"column":0},"end":{"line":60,"column":22}},"60":{"start":{"line":61,"column":0},"end":{"line":61,"column":35}},"61":{"start":{"line":62,"column":0},"end":{"line":62,"column":36}},"62":{"start":{"line":63,"column":0},"end":{"line":63,"column":65}},"63":{"start":{"line":64,"column":0},"end":{"line":64,"column":234}},"64":{"start":{"line":65,"column":0},"end":{"line":65,"column":48}},"65":{"start":{"line":66,"column":0},"end":{"line":66,"column":28}},"66":{"start":{"line":67,"column":0},"end":{"line":67,"column":18}},"67":{"start":{"line":68,"column":0},"end":{"line":68,"column":18}},"68":{"start":{"line":69,"column":0},"end":{"line":69,"column":19}},"69":{"start":{"line":70,"column":0},"end":{"line":70,"column":29}},"70":{"start":{"line":71,"column":0},"end":{"line":71,"column":264}},"71":{"start":{"line":72,"column":0},"end":{"line":72,"column":34}},"73":{"start":{"line":74,"column":0},"end":{"line":74,"column":79}},"74":{"start":{"line":75,"column":0},"end":{"line":75,"column":21}},"75":{"start":{"line":76,"column":0},"end":{"line":76,"column":15}},"77":{"start":{"line":78,"column":0},"end":{"line":78,"column":2}},"79":{"start":{"line":80,"column":0},"end":{"line":80,"column":21}}},"s":{"1":1,"2":1,"3":1,"4":1,"6":1,"7":14,"8":14,"9":14,"10":14,"11":14,"12":14,"14":14,"15":2,"16":2,"17":2,"19":2,"20":0,"21":0,"22":0,"23":0,"25":2,"26":2,"27":2,"28":2,"29":2,"30":2,"32":2,"33":1,"34":1,"35":1,"36":1,"37":1,"38":1,"39":1,"40":1,"41":2,"43":14,"44":14,"45":14,"46":14,"47":14,"48":14,"49":14,"50":14,"51":14,"52":14,"53":14,"54":14,"55":14,"56":14,"57":14,"58":14,"59":14,"60":14,"61":14,"62":14,"63":14,"64":14,"65":14,"66":14,"67":14,"68":14,"69":14,"70":14,"71":14,"73":14,"74":14,"75":14,"77":14,"79":1},"branchMap":{"0":{"type":"branch","line":7,"loc":{"start":{"line":7,"column":14},"end":{"line":78,"column":2}},"locations":[{"start":{"line":7,"column":14},"end":{"line":78,"column":2}}]},"1":{"type":"branch","line":13,"loc":{"start":{"line":13,"column":47},"end":{"line":13,"column":87}},"locations":[{"start":{"line":13,"column":47},"end":{"line":13,"column":87}}]},"2":{"type":"branch","line":46,"loc":{"start":{"line":46,"column":13},"end":{"line":46,"column":92}},"locations":[{"start":{"line":46,"column":13},"end":{"line":46,"column":92}}]},"3":{"type":"branch","line":74,"loc":{"start":{"line":74,"column":17},"end":{"line":74,"column":71}},"locations":[{"start":{"line":74,"column":17},"end":{"line":74,"column":71}}]},"4":{"type":"branch","line":74,"loc":{"start":{"line":74,"column":66},"end":{"line":74,"column":79}},"locations":[{"start":{"line":74,"column":66},"end":{"line":74,"column":79}}]},"5":{"type":"branch","line":15,"loc":{"start":{"line":15,"column":26},"end":{"line":42,"column":6}},"locations":[{"start":{"line":15,"column":26},"end":{"line":42,"column":6}}]},"6":{"type":"branch","line":20,"loc":{"start":{"line":20,"column":33},"end":{"line":24,"column":9}},"locations":[{"start":{"line":20,"column":33},"end":{"line":24,"column":9}}]},"7":{"type":"branch","line":33,"loc":{"start":{"line":33,"column":104},"end":{"line":41,"column":9}},"locations":[{"start":{"line":33,"column":104},"end":{"line":41,"column":9}}]},"8":{"type":"branch","line":39,"loc":{"start":{"line":39,"column":48},"end":{"line":39,"column":90}},"locations":[{"start":{"line":39,"column":48},"end":{"line":39,"column":90}}]},"9":{"type":"branch","line":52,"loc":{"start":{"line":52,"column":30},"end":{"line":52,"column":62}},"locations":[{"start":{"line":52,"column":30},"end":{"line":52,"column":62}}]},"10":{"type":"branch","line":63,"loc":{"start":{"line":63,"column":30},"end":{"line":63,"column":65}},"locations":[{"start":{"line":63,"column":30},"end":{"line":63,"column":65}}]}},"b":{"0":[14],"1":[0],"2":[1],"3":[2],"4":[12],"5":[2],"6":[0],"7":[1],"8":[0],"9":[3],"10":[3]},"fnMap":{"0":{"name":"Login","decl":{"start":{"line":7,"column":14},"end":{"line":78,"column":2}},"loc":{"start":{"line":7,"column":14},"end":{"line":78,"column":2}},"line":7},"1":{"name":"submitHandler","decl":{"start":{"line":15,"column":26},"end":{"line":42,"column":6}},"loc":{"start":{"line":15,"column":26},"end":{"line":42,"column":6}},"line":15},"2":{"name":"onChange","decl":{"start":{"line":52,"column":30},"end":{"line":52,"column":62}},"loc":{"start":{"line":52,"column":30},"end":{"line":52,"column":62}},"line":52},"3":{"name":"onChange","decl":{"start":{"line":63,"column":30},"end":{"line":63,"column":65}},"loc":{"start":{"line":63,"column":30},"end":{"line":63,"column":65}},"line":63}},"f":{"0":14,"1":2,"2":3,"3":3}}
,"/Users/macbook/Documents/ChatApp/client/src/components/authentication/Signup.tsx": {"path":"/Users/macbook/Documents/ChatApp/client/src/components/authentication/Signup.tsx","all":false,"statementMap":{"1":{"start":{"line":2,"column":0},"end":{"line":2,"column":40}},"2":{"start":{"line":3,"column":0},"end":{"line":3,"column":42}},"3":{"start":{"line":4,"column":0},"end":{"line":4,"column":47}},"4":{"start":{"line":5,"column":0},"end":{"line":5,"column":46}},"6":{"start":{"line":7,"column":0},"end":{"line":7,"column":22}},"7":{"start":{"line":8,"column":0},"end":{"line":8,"column":41}},"8":{"start":{"line":9,"column":0},"end":{"line":9,"column":43}},"9":{"start":{"line":10,"column":0},"end":{"line":10,"column":63}},"10":{"start":{"line":11,"column":0},"end":{"line":11,"column":49}},"11":{"start":{"line":12,"column":0},"end":{"line":12,"column":54}},"12":{"start":{"line":13,"column":0},"end":{"line":13,"column":50}},"13":{"start":{"line":14,"column":0},"end":{"line":14,"column":43}},"14":{"start":{"line":15,"column":0},"end":{"line":15,"column":35}},"15":{"start":{"line":16,"column":0},"end":{"line":16,"column":87}},"17":{"start":{"line":18,"column":0},"end":{"line":18,"column":73}},"18":{"start":{"line":19,"column":0},"end":{"line":19,"column":29}},"19":{"start":{"line":20,"column":0},"end":{"line":20,"column":38}},"20":{"start":{"line":21,"column":0},"end":{"line":21,"column":9}},"21":{"start":{"line":22,"column":0},"end":{"line":22,"column":6}},"23":{"start":{"line":24,"column":0},"end":{"line":24,"column":57}},"24":{"start":{"line":25,"column":0},"end":{"line":25,"column":27}},"25":{"start":{"line":26,"column":0},"end":{"line":26,"column":25}},"26":{"start":{"line":27,"column":0},"end":{"line":27,"column":21}},"28":{"start":{"line":29,"column":0},"end":{"line":29,"column":63}},"29":{"start":{"line":30,"column":0},"end":{"line":30,"column":51}},"30":{"start":{"line":31,"column":0},"end":{"line":31,"column":30}},"31":{"start":{"line":32,"column":0},"end":{"line":32,"column":19}},"32":{"start":{"line":33,"column":0},"end":{"line":33,"column":9}},"33":{"start":{"line":34,"column":0},"end":{"line":34,"column":43}},"34":{"start":{"line":35,"column":0},"end":{"line":35,"column":47}},"35":{"start":{"line":36,"column":0},"end":{"line":36,"column":30}},"36":{"start":{"line":37,"column":0},"end":{"line":37,"column":19}},"37":{"start":{"line":38,"column":0},"end":{"line":38,"column":9}},"38":{"start":{"line":39,"column":0},"end":{"line":39,"column":34}},"39":{"start":{"line":40,"column":0},"end":{"line":40,"column":68}},"40":{"start":{"line":41,"column":0},"end":{"line":41,"column":30}},"41":{"start":{"line":42,"column":0},"end":{"line":42,"column":19}},"42":{"start":{"line":43,"column":0},"end":{"line":43,"column":9}},"44":{"start":{"line":45,"column":0},"end":{"line":45,"column":40}},"45":{"start":{"line":46,"column":0},"end":{"line":46,"column":38}},"46":{"start":{"line":47,"column":0},"end":{"line":47,"column":40}},"47":{"start":{"line":48,"column":0},"end":{"line":48,"column":46}},"48":{"start":{"line":49,"column":0},"end":{"line":49,"column":18}},"49":{"start":{"line":50,"column":0},"end":{"line":50,"column":40}},"50":{"start":{"line":51,"column":0},"end":{"line":51,"column":9}},"52":{"start":{"line":53,"column":0},"end":{"line":53,"column":13}},"53":{"start":{"line":54,"column":0},"end":{"line":54,"column":28}},"54":{"start":{"line":55,"column":0},"end":{"line":55,"column":26}},"55":{"start":{"line":56,"column":0},"end":{"line":56,"column":58}},"56":{"start":{"line":57,"column":0},"end":{"line":57,"column":18}},"57":{"start":{"line":58,"column":0},"end":{"line":58,"column":14}},"58":{"start":{"line":59,"column":0},"end":{"line":59,"column":89}},"59":{"start":{"line":60,"column":0},"end":{"line":60,"column":67}},"60":{"start":{"line":61,"column":0},"end":{"line":61,"column":30}},"61":{"start":{"line":62,"column":0},"end":{"line":62,"column":31}},"62":{"start":{"line":63,"column":0},"end":{"line":63,"column":23}},"63":{"start":{"line":64,"column":0},"end":{"line":64,"column":71}},"64":{"start":{"line":65,"column":0},"end":{"line":65,"column":92}},"65":{"start":{"line":66,"column":0},"end":{"line":66,"column":30}},"66":{"start":{"line":67,"column":0},"end":{"line":67,"column":9}},"67":{"start":{"line":68,"column":0},"end":{"line":68,"column":6}},"69":{"start":{"line":70,"column":0},"end":{"line":70,"column":12}},"70":{"start":{"line":71,"column":0},"end":{"line":71,"column":80}},"71":{"start":{"line":72,"column":0},"end":{"line":72,"column":93}},"72":{"start":{"line":73,"column":0},"end":{"line":73,"column":17}},"73":{"start":{"line":74,"column":0},"end":{"line":74,"column":106}},"74":{"start":{"line":75,"column":0},"end":{"line":75,"column":22}},"75":{"start":{"line":76,"column":0},"end":{"line":76,"column":31}},"76":{"start":{"line":77,"column":0},"end":{"line":77,"column":61}},"77":{"start":{"line":78,"column":0},"end":{"line":78,"column":152}},"78":{"start":{"line":79,"column":0},"end":{"line":79,"column":49}},"79":{"start":{"line":80,"column":0},"end":{"line":80,"column":28}},"80":{"start":{"line":81,"column":0},"end":{"line":81,"column":18}},"81":{"start":{"line":82,"column":0},"end":{"line":82,"column":18}},"82":{"start":{"line":83,"column":0},"end":{"line":83,"column":17}},"83":{"start":{"line":84,"column":0},"end":{"line":84,"column":115}},"84":{"start":{"line":85,"column":0},"end":{"line":85,"column":22}},"85":{"start":{"line":86,"column":0},"end":{"line":86,"column":32}},"86":{"start":{"line":87,"column":0},"end":{"line":87,"column":62}},"87":{"start":{"line":88,"column":0},"end":{"line":88,"column":152}},"88":{"start":{"line":89,"column":0},"end":{"line":89,"column":50}},"89":{"start":{"line":90,"column":0},"end":{"line":90,"column":28}},"90":{"start":{"line":91,"column":0},"end":{"line":91,"column":18}},"91":{"start":{"line":92,"column":0},"end":{"line":92,"column":18}},"92":{"start":{"line":93,"column":0},"end":{"line":93,"column":17}},"93":{"start":{"line":94,"column":0},"end":{"line":94,"column":110}},"94":{"start":{"line":95,"column":0},"end":{"line":95,"column":22}},"95":{"start":{"line":96,"column":0},"end":{"line":96,"column":35}},"96":{"start":{"line":97,"column":0},"end":{"line":97,"column":65}},"97":{"start":{"line":98,"column":0},"end":{"line":98,"column":152}},"98":{"start":{"line":99,"column":0},"end":{"line":99,"column":48}},"99":{"start":{"line":100,"column":0},"end":{"line":100,"column":28}},"100":{"start":{"line":101,"column":0},"end":{"line":101,"column":18}},"101":{"start":{"line":102,"column":0},"end":{"line":102,"column":18}},"102":{"start":{"line":103,"column":0},"end":{"line":103,"column":17}},"103":{"start":{"line":104,"column":0},"end":{"line":104,"column":118}},"104":{"start":{"line":105,"column":0},"end":{"line":105,"column":22}},"105":{"start":{"line":106,"column":0},"end":{"line":106,"column":35}},"106":{"start":{"line":107,"column":0},"end":{"line":107,"column":72}},"107":{"start":{"line":108,"column":0},"end":{"line":108,"column":152}},"108":{"start":{"line":109,"column":0},"end":{"line":109,"column":50}},"109":{"start":{"line":110,"column":0},"end":{"line":110,"column":28}},"110":{"start":{"line":111,"column":0},"end":{"line":111,"column":18}},"111":{"start":{"line":112,"column":0},"end":{"line":112,"column":18}},"112":{"start":{"line":113,"column":0},"end":{"line":113,"column":17}},"113":{"start":{"line":114,"column":0},"end":{"line":114,"column":121}},"114":{"start":{"line":115,"column":0},"end":{"line":115,"column":22}},"115":{"start":{"line":116,"column":0},"end":{"line":116,"column":31}},"116":{"start":{"line":117,"column":0},"end":{"line":117,"column":50}},"117":{"start":{"line":118,"column":0},"end":{"line":118,"column":46}},"118":{"start":{"line":119,"column":0},"end":{"line":119,"column":300}},"119":{"start":{"line":120,"column":0},"end":{"line":120,"column":18}},"120":{"start":{"line":121,"column":0},"end":{"line":121,"column":18}},"121":{"start":{"line":122,"column":0},"end":{"line":122,"column":19}},"122":{"start":{"line":123,"column":0},"end":{"line":123,"column":29}},"123":{"start":{"line":124,"column":0},"end":{"line":124,"column":264}},"124":{"start":{"line":125,"column":0},"end":{"line":125,"column":34}},"126":{"start":{"line":127,"column":0},"end":{"line":127,"column":80}},"127":{"start":{"line":128,"column":0},"end":{"line":128,"column":21}},"128":{"start":{"line":129,"column":0},"end":{"line":129,"column":15}},"130":{"start":{"line":131,"column":0},"end":{"line":131,"column":2}},"132":{"start":{"line":133,"column":0},"end":{"line":133,"column":22}}},"s":{"1":1,"2":1,"3":1,"4":1,"6":1,"7":25,"8":25,"9":25,"10":25,"11":25,"12":25,"13":25,"14":25,"15":25,"17":25,"18":0,"19":0,"20":0,"21":0,"23":25,"24":4,"25":4,"26":4,"28":4,"29":1,"30":1,"31":1,"32":1,"33":4,"34":1,"35":1,"36":1,"37":1,"38":4,"39":1,"40":1,"41":1,"42":1,"44":1,"45":1,"46":1,"47":1,"48":4,"49":0,"50":0,"52":1,"53":1,"54":1,"55":1,"56":1,"57":1,"58":1,"59":1,"60":1,"61":1,"62":4,"63":0,"64":0,"65":0,"66":0,"67":4,"69":25,"70":25,"71":25,"72":25,"73":25,"74":25,"75":25,"76":25,"77":25,"78":25,"79":25,"80":25,"81":25,"82":25,"83":25,"84":25,"85":25,"86":25,"87":25,"88":25,"89":25,"90":25,"91":25,"92":25,"93":25,"94":25,"95":25,"96":25,"97":25,"98":25,"99":25,"100":25,"101":25,"102":25,"103":25,"104":25,"105":25,"106":25,"107":25,"108":25,"109":25,"110":25,"111":25,"112":25,"113":25,"114":25,"115":25,"116":25,"117":25,"118":25,"119":25,"120":25,"121":25,"122":25,"123":25,"124":25,"126":25,"127":25,"128":25,"130":25,"132":1},"branchMap":{"0":{"type":"branch","line":7,"loc":{"start":{"line":7,"column":15},"end":{"line":131,"column":2}},"locations":[{"start":{"line":7,"column":15},"end":{"line":131,"column":2}}]},"1":{"type":"branch","line":16,"loc":{"start":{"line":16,"column":47},"end":{"line":16,"column":87}},"locations":[{"start":{"line":16,"column":47},"end":{"line":16,"column":87}}]},"2":{"type":"branch","line":72,"loc":{"start":{"line":72,"column":14},"end":{"line":72,"column":93}},"locations":[{"start":{"line":72,"column":14},"end":{"line":72,"column":93}}]},"3":{"type":"branch","line":127,"loc":{"start":{"line":127,"column":17},"end":{"line":127,"column":70}},"locations":[{"start":{"line":127,"column":17},"end":{"line":127,"column":70}}]},"4":{"type":"branch","line":127,"loc":{"start":{"line":127,"column":65},"end":{"line":127,"column":80}},"locations":[{"start":{"line":127,"column":65},"end":{"line":127,"column":80}}]},"5":{"type":"branch","line":24,"loc":{"start":{"line":24,"column":26},"end":{"line":68,"column":6}},"locations":[{"start":{"line":24,"column":26},"end":{"line":68,"column":6}}]},"6":{"type":"branch","line":29,"loc":{"start":{"line":29,"column":13},"end":{"line":29,"column":31}},"locations":[{"start":{"line":29,"column":13},"end":{"line":29,"column":31}}]},"7":{"type":"branch","line":29,"loc":{"start":{"line":29,"column":22},"end":{"line":29,"column":44}},"locations":[{"start":{"line":29,"column":22},"end":{"line":29,"column":44}}]},"8":{"type":"branch","line":29,"loc":{"start":{"line":29,"column":32},"end":{"line":29,"column":62}},"locations":[{"start":{"line":29,"column":32},"end":{"line":29,"column":62}}]},"9":{"type":"branch","line":29,"loc":{"start":{"line":29,"column":62},"end":{"line":33,"column":9}},"locations":[{"start":{"line":29,"column":62},"end":{"line":33,"column":9}}]},"10":{"type":"branch","line":33,"loc":{"start":{"line":33,"column":8},"end":{"line":34,"column":42}},"locations":[{"start":{"line":33,"column":8},"end":{"line":34,"column":42}}]},"11":{"type":"branch","line":34,"loc":{"start":{"line":34,"column":42},"end":{"line":38,"column":9}},"locations":[{"start":{"line":34,"column":42},"end":{"line":38,"column":9}}]},"12":{"type":"branch","line":38,"loc":{"start":{"line":38,"column":8},"end":{"line":39,"column":33}},"locations":[{"start":{"line":38,"column":8},"end":{"line":39,"column":33}}]},"13":{"type":"branch","line":39,"loc":{"start":{"line":39,"column":33},"end":{"line":49,"column":17}},"locations":[{"start":{"line":39,"column":33},"end":{"line":49,"column":17}}]},"14":{"type":"branch","line":49,"loc":{"start":{"line":49,"column":17},"end":{"line":51,"column":9}},"locations":[{"start":{"line":49,"column":17},"end":{"line":51,"column":9}}]},"15":{"type":"branch","line":51,"loc":{"start":{"line":51,"column":8},"end":{"line":63,"column":17}},"locations":[{"start":{"line":51,"column":8},"end":{"line":63,"column":17}}]},"16":{"type":"branch","line":63,"loc":{"start":{"line":63,"column":8},"end":{"line":67,"column":9}},"locations":[{"start":{"line":63,"column":8},"end":{"line":67,"column":9}}]},"17":{"type":"branch","line":77,"loc":{"start":{"line":77,"column":30},"end":{"line":77,"column":61}},"locations":[{"start":{"line":77,"column":30},"end":{"line":77,"column":61}}]},"18":{"type":"branch","line":87,"loc":{"start":{"line":87,"column":30},"end":{"line":87,"column":62}},"locations":[{"start":{"line":87,"column":30},"end":{"line":87,"column":62}}]},"19":{"type":"branch","line":97,"loc":{"start":{"line":97,"column":30},"end":{"line":97,"column":65}},"locations":[{"start":{"line":97,"column":30},"end":{"line":97,"column":65}}]},"20":{"type":"branch","line":107,"loc":{"start":{"line":107,"column":30},"end":{"line":107,"column":72}},"locations":[{"start":{"line":107,"column":30},"end":{"line":107,"column":72}}]}},"b":{"0":[25],"1":[0],"2":[3],"3":[1],"4":[24],"5":[4],"6":[3],"7":[3],"8":[3],"9":[1],"10":[3],"11":[1],"12":[2],"13":[1],"14":[0],"15":[1],"16":[0],"17":[3],"18":[3],"19":[4],"20":[5]},"fnMap":{"0":{"name":"Signup","decl":{"start":{"line":7,"column":15},"end":{"line":131,"column":2}},"loc":{"start":{"line":7,"column":15},"end":{"line":131,"column":2}},"line":7},"1":{"name":"handlePicChange","decl":{"start":{"line":18,"column":28},"end":{"line":22,"column":6}},"loc":{"start":{"line":18,"column":28},"end":{"line":22,"column":6}},"line":18},"2":{"name":"submitHandler","decl":{"start":{"line":24,"column":26},"end":{"line":68,"column":6}},"loc":{"start":{"line":24,"column":26},"end":{"line":68,"column":6}},"line":24},"3":{"name":"onChange","decl":{"start":{"line":77,"column":30},"end":{"line":77,"column":61}},"loc":{"start":{"line":77,"column":30},"end":{"line":77,"column":61}},"line":77},"4":{"name":"onChange","decl":{"start":{"line":87,"column":30},"end":{"line":87,"column":62}},"loc":{"start":{"line":87,"column":30},"end":{"line":87,"column":62}},"line":87},"5":{"name":"onChange","decl":{"start":{"line":97,"column":30},"end":{"line":97,"column":65}},"loc":{"start":{"line":97,"column":30},"end":{"line":97,"column":65}},"line":97},"6":{"name":"onChange","decl":{"start":{"line":107,"column":30},"end":{"line":107,"column":72}},"loc":{"start":{"line":107,"column":30},"end":{"line":107,"column":72}},"line":107}},"f":{"0":25,"1":0,"2":4,"3":3,"4":3,"5":4,"6":5}}
,"/Users/macbook/Documents/ChatApp/client/src/components/miscellaneous/ConfirmationModal.tsx": {"path":"/Users/macbook/Documents/ChatApp/client/src/components/miscellaneous/ConfirmationModal.tsx","all":false,"statementMap":{"0":{"start":{"line":1,"column":0},"end":{"line":1,"column":41}},"13":{"start":{"line":14,"column":0},"end":{"line":14,"column":62}},"14":{"start":{"line":15,"column":0},"end":{"line":15,"column":11}},"15":{"start":{"line":16,"column":0},"end":{"line":16,"column":12}},"16":{"start":{"line":17,"column":0},"end":{"line":17,"column":14}},"17":{"start":{"line":18,"column":0},"end":{"line":18,"column":10}},"18":{"start":{"line":19,"column":0},"end":{"line":19,"column":13}},"19":{"start":{"line":20,"column":0},"end":{"line":20,"column":28}},"20":{"start":{"line":21,"column":0},"end":{"line":21,"column":26}},"21":{"start":{"line":22,"column":0},"end":{"line":22,"column":73}},"22":{"start":{"line":23,"column":0},"end":{"line":23,"column":7}},"23":{"start":{"line":24,"column":0},"end":{"line":24,"column":21}},"24":{"start":{"line":25,"column":0},"end":{"line":25,"column":53}},"25":{"start":{"line":26,"column":0},"end":{"line":26,"column":40}},"26":{"start":{"line":27,"column":0},"end":{"line":27,"column":24}},"27":{"start":{"line":28,"column":0},"end":{"line":28,"column":12}},"28":{"start":{"line":29,"column":0},"end":{"line":29,"column":10}},"29":{"start":{"line":30,"column":0},"end":{"line":30,"column":54}},"30":{"start":{"line":31,"column":0},"end":{"line":31,"column":22}},"31":{"start":{"line":32,"column":0},"end":{"line":32,"column":60}},"32":{"start":{"line":33,"column":0},"end":{"line":33,"column":10}},"33":{"start":{"line":34,"column":0},"end":{"line":34,"column":18}},"35":{"start":{"line":36,"column":0},"end":{"line":36,"column":29}},"37":{"start":{"line":38,"column":0},"end":{"line":38,"column":12}},"38":{"start":{"line":39,"column":0},"end":{"line":39,"column":12}},"39":{"start":{"line":40,"column":0},"end":{"line":40,"column":106}},"40":{"start":{"line":41,"column":0},"end":{"line":41,"column":41}},"41":{"start":{"line":42,"column":0},"end":{"line":42,"column":25}},"42":{"start":{"line":43,"column":0},"end":{"line":43,"column":29}},"43":{"start":{"line":44,"col
[...]
":{"start":{"line":47,"column":0},"end":{"line":47,"column":26}},"47":{"start":{"line":48,"column":0},"end":{"line":48,"column":26}},"48":{"start":{"line":49,"column":0},"end":{"line":49,"column":19}},"49":{"start":{"line":50,"column":0},"end":{"line":50,"column":34}},"50":{"start":{"line":51,"column":0},"end":{"line":51,"column":9}},"51":{"start":{"line":52,"column":0},"end":{"line":52,"column":19}},"53":{"start":{"line":54,"column":0},"end":{"line":54,"column":21}},"54":{"start":{"line":55,"column":0},"end":{"line":55,"column":19}},"55":{"start":{"line":56,"column":0},"end":{"line":56,"column":43}},"56":{"start":{"line":57,"column":0},"end":{"line":57,"column":33}},"57":{"start":{"line":58,"column":0},"end":{"line":58,"column":42}},"59":{"start":{"line":60,"column":0},"end":{"line":60,"column":79}},"61":{"start":{"line":62,"column":0},"end":{"line":62,"column":53}},"64":{"start":{"line":65,"column":0},"end":{"line":65,"column":39}},"65":{"start":{"line":66,"column":0},"end":{"line":66,"column":98}},"67":{"start":{"line":68,"column":0},"end":{"line":68,"column":45}},"68":{"start":{"line":69,"column":0},"end":{"line":69,"column":37}},"69":{"start":{"line":70,"column":0},"end":{"line":70,"column":97}},"70":{"start":{"line":71,"column":0},"end":{"line":71,"column":104}},"71":{"start":{"line":72,"column":0},"end":{"line":72,"column":68}},"72":{"start":{"line":73,"column":0},"end":{"line":73,"column":28}},"74":{"start":{"line":75,"column":0},"end":{"line":75,"column":123}},"75":{"start":{"line":76,"column":0},"end":{"line":76,"column":80}},"76":{"start":{"line":77,"column":0},"end":{"line":77,"column":21}},"77":{"start":{"line":78,"column":0},"end":{"line":78,"column":122}},"78":{"start":{"line":79,"column":0},"end":{"line":79,"column":19}},"80":{"start":{"line":81,"column":0},"end":{"line":81,"column":72}},"81":{"start":{"line":82,"column":0},"end":{"line":82,"column":84}},"82":{"start":{"line":83,"column":0},"end":{"line":83,"column":79}},"83":{"start":{"line":84,"column":0},"end":{"line":84,"column":21}},"84":{"start":{"line":85,"column":0},"end":{"line":85,"column":17}},"85":{"start":{"line":86,"column":0},"end":{"line":86,"column":15}},"87":{"start":{"line":88,"column":0},"end":{"line":88,"column":74}},"88":{"start":{"line":89,"column":0},"end":{"line":89,"column":49}},"89":{"start":{"line":90,"column":0},"end":{"line":90,"column":37}},"90":{"start":{"line":91,"column":0},"end":{"line":91,"column":43}},"91":{"start":{"line":92,"column":0},"end":{"line":92,"column":77}},"92":{"start":{"line":93,"column":0},"end":{"line":93,"column":78}},"93":{"start":{"line":94,"column":0},"end":{"line":94,"column":25}},"94":{"start":{"line":95,"column":0},"end":{"line":95,"column":36}},"95":{"start":{"line":96,"column":0},"end":{"line":96,"column":22}},"96":{"start":{"line":97,"column":0},"end":{"line":97,"column":18}},"97":{"start":{"line":98,"column":0},"end":{"line":98,"column":15}},"99":{"start":{"line":100,"column":0},"end":{"line":100,"column":26}},"100":{"start":{"line":101,"column":0},"end":{"line":101,"column":39}},"101":{"start":{"line":102,"column":0},"end":{"line":102,"column":14}},"102":{"start":{"line":103,"column":0},"end":{"line":103,"column":9}},"104":{"start":{"line":105,"column":0},"end":{"line":105,"column":15}},"106":{"start":{"line":107,"column":0},"end":{"line":107,"column":22}},"107":{"start":{"line":108,"column":0},"end":{"line":108,"column":16}},"108":{"start":{"line":109,"column":0},"end":{"line":109,"column":110}},"109":{"start":{"line":110,"column":0},"end":{"line":110,"column":78}},"110":{"start":{"line":111,"column":0},"end":{"line":111,"column":18}},"112":{"start":{"line":113,"column":0},"end":{"line":113,"column":5}},"115":{"start":{"line":116,"column":0},"end":{"line":116,"column":12}},"116":{"start":{"line":117,"column":0},"end":{"line":117,"column":29}},"117":{"start":{"line":118,"column":0},"end":{"line":118,"column":20}},"118":{"start":{"line":119,"column":0},"end":{"line":119,"column":21}},"119":{"start":{"line":120,"column":0},"end":{"line":120,"column":24}},"120":{"start":{"line":121,"column":0},"end":{"line":121,"column":29}},"121":{"start":{"line":122,"column":0},"end":{"line":122,"column":32}},"122":{"start":{"line":123,"column":0},"end":{"line":123,"column":22}},"123":{"start":{"line":124,"column":0},"end":{"line":124,"column":25}},"124":{"start":{"line":125,"column":0},"end":{"line":125,"column":29}},"125":{"start":{"line":126,"column":0},"end":{"line":126,"column":32}},"126":{"start":{"line":127,"column":0},"end":{"line":127,"column":23}},"127":{"start":{"line":128,"column":0},"end":{"line":128,"column":30}},"128":{"start":{"line":129,"column":0},"end":{"line":129,"column":14}},"130":{"start":{"line":131,"column":0},"end":{"line":131,"column":22}},"131":{"start":{"line":132,"column":0},"end":{"line":132,"column":31}},"133":{"start":{"line":134,"column":0},"end":{"line":134,"column":2}},"135":{"start":{"line":136,"column":0},"end":{"line":136,"column":32}},"136":{"start":{"line":137,"column":0},"end":{"line":137,"column":44}},"137":{"start":{"line":138,"column":0},"end":{"line":138,"column":32}},"138":{"start":{"line":139,"column":0},"end":{"line":139,"column":72}},"139":{"start":{"line":140,"column":0},"end":{"line":140,"column":5}},"140":{"start":{"line":141,"column":0},"end":{"line":141,"column":19}},"141":{"start":{"line":142,"column":0},"end":{"line":142,"column":2}},"143":{"start":{"line":144,"column":0},"end":{"line":144,"column":28}}},"s":{"0":1,"1":1,"3":1,"4":1,"6":1,"21":1,"24":1,"25":0,"26":0,"27":0,"28":0,"29":0,"30":0,"31":0,"33":0,"35":0,"36":0,"37":0,"38":0,"40":0,"41":0,"42":0,"43":0,"44":0,"45":0,"46":0,"47":0,"48":0,"49":0,"50":0,"51":0,"53":0,"54":0,"55":0,"56":0,"57":0,"59":0,"61":0,"64":0,"65":0,"67":0,"68":0,"69":0,"70":0,"71":0,"72":0,"74":0,"75":0,"76":0,"77":0,"78":0,"80":0,"81":0,"82":0,"83":0,"84":0,"85":0,"87":0,"88":0,"89":0,"90":0,"91":0,"92":0,"93":0,"94":0,"95":0,"96":0,"97":0,"99":0,"100":0,"101":0,"102":0,"104":0,"106":0,"107":0,"108":0,"109":0,"110":0,"112":0,"115":0,"116":0,"117":0,"118":0,"119":0,"120":0,"121":0,"122":0,"123":0,"124":0,"125":0,"126":0,"127":0,"128":0,"130":0,"131":0,"133":0,"135":1,"136":32,"137":32,"138":0,"139":0,"140":32,"141":32,"143":1},"branchMap":{"0":{"type":"branch","line":7,"loc":{"start":{"line":7,"column":42},"end":{"line":7,"column":82}},"locations":[{"start":{"line":7,"column":42},"end":{"line":7,"column":82}}]},"1":{"type":"branch","line":136,"loc":{"start":{"line":136,"column":25},"end":{"line":142,"column":2}},"locations":[{"start":{"line":136,"column":25},"end":{"line":142,"column":2}}]},"2":{"type":"branch","line":138,"loc":{"start":{"line":138,"column":31},"end":{"line":140,"column":5}},"locations":[{"start":{"line":138,"column":31},"end":{"line":140,"column":5}}]}},"b":{"0":[0],"1":[32],"2":[0]},"fnMap":{"0":{"name":"ChatProvider","decl":{"start":{"line":25,"column":62},"end":{"line":134,"column":2}},"loc":{"start":{"line":25,"column":62},"end":{"line":134,"column":2}},"line":25},"1":{"name":"ChatState","decl":{"start":{"line":136,"column":25},"end":{"line":142,"column":2}},"loc":{"start":{"line":136,"column":25},"end":{"line":142,"column":2}},"line":136}},"f":{"0":0,"1":32}}
,"/Users/macbook/Documents/ChatApp/client/src/pages/ChatPage.tsx": {"path":"/Users/macbook/Documents/ChatApp/client/src/pages/ChatPage.tsx","all":true,"statementMap":{"0":{"start":{"line":1,"column":0},"end":{"line":1,"column":34}},"1":{"start":{"line":2,"column":0},"end":{"line":2,"column":47}},"2":{"start":{"line":3,"column":0},"end":{"line":3,"column":52}},"3":{"start":{"line":4,"column":0},"end":{"line":4,"column":64}},"4":{"start":{"line":5,"column":0},"end":{"line":5,"column":44}},"5":{"start":{"line":6,"column":0},"end":{"line":6,"column":44}},"7":{"start":{"line":8,"column":0},"end":{"line":8,"column":24}},"8":{"start":{"line":9,"column":0},"end":{"line":9,"column":31}},"9":{"start":{"line":10,"column":0},"end":{"line":10,"column":33}},"11":{"start":{"line":12,"column":0},"end":{"line":12,"column":19}},"12":{"start":{"line":13,"column":0},"end":{"line":13,"column":16}},"13":{"start":{"line":14,"column":0},"end":{"line":14,"column":20}},"14":{"start":{"line":15,"column":0},"end":{"line":15,"column":5}},"15":{"start":{"line":16,"column":0},"end":{"line":16,"column":23}},"17":{"start":{"line":18,"column":0},"end":{"line":18,"column":14}},"18":{"start":{"line":19,"column":0},"end":{"line":19,"column":40}},"19":{"start":{"line":20,"column":0},"end":{"line":20,"column":3}},"21":{"start":{"line":22,"column":0},"end":{"line":22,"column":10}},"22":{"start":{"line":23,"column":0},"end":{"line":23,"column":51}},"23":{"start":{"line":24,"column":0},"end":{"line":24,"column":20}},"24":{"start":{"line":25,"column":0},"end":{"line":25,"column":58}},"25":{"start":{"line":26,"column":0},"end":{"line":26,"column":19}},"26":{"start":{"line":27,"column":0},"end":{"line":27,"column":19}},"27":{"start":{"line":28,"column":0},"end":{"line":28,"column":12}},"28":{"start":{"line":29,"column":0},"end":{"line":29,"column":10}},"30":{"start":{"line":31,"column":0},"end":{"line":31,"column":2}},"32":{"start":{"line":33,"column":0},"end":{"line":33,"column":24}}},"s":{"0":0,"1":0,"2":0,"3":0,"4":0,"5":0,"7":0,"8":0,"9":0,"11":0,"12":0,"13":0,"14":0,"15":0,"17":0,"18":0,"19":0,"21":0,"22":0,"23":0,"24":0,"25":0,"26":0,"27":0,"28":0,"30":0,"32":0},"branchMap":{"0":{"type":"branch","line":1,"loc":{"start":{"line":1,"column":774},"end":{"line":33,"column":24}},"locations":[{"start":{"line":1,"column":774},"end":{"line":33,"column":24}}]}},"b":{"0":[0]},"fnMap":{"0":{"name":"(empty-report)","decl":{"start":{"line":1,"column":774},"end":{"line":33,"column":24}},"loc":{"start":{"line":1,"column":774},"end":{"line":33,"column":24}},"line":1}},"f":{"0":0}}
,"/Users/macbook/Documents/ChatApp/client/src/pages/HomePage.tsx": {"path":"/Users/macbook/Documents/ChatApp/client/src/pages/HomePage.tsx","all":true,"statementMap":{"0":{"start":{"line":1,"column":0},"end":{"line":1,"column":34}},"1":{"start":{"line":2,"column":0},"end":{"line":2,"column":47}},"2":{"start":{"line":3,"column":0},"end":{"line":3,"column":40}},"3":{"start":{"line":4,"column":0},"end":{"line":4,"column":55}},"4":{"start":{"line":5,"column":0},"end":{"line":5,"column":57}},"6":{"start":{"line":7,"column":0},"end":{"line":7,"column":55}},"7":{"start":{"line":8,"column":0},"end":{"line":8,"column":43}},"8":{"start":{"line":9,"column":0},"end":{"line":9,"column":1}},"10":{"start":{"line":11,"column":0},"end":{"line":11,"column":24}},"11":{"start":{"line":12,"column":0},"end":{"line":12,"column":33}},"13":{"start":{"line":14,"column":0},"end":{"line":14,"column":19}},"14":{"start":{"line":15,"column":0},"end":{"line":15,"column":72}},"15":{"start":{"line":16,"column":0},"end":{"line":16,"column":15}},"16":{"start":{"line":17,"column":0},"end":{"line":17,"column":25}},"17":{"start":{"line":18,"column":0},"end":{"line":18,"column":5}},"18":{"start":{"line":19,"column":0},"end":{"line":19,"column":17}},"20":{"start":{"line":21,"column":0},"end":{"line":21,"column":10}},"21":{"start":{"line":22,"column":0},"end":{"line":22,"column":101}},"22":{"start":{"line":23,"column":0},"end":{"line":23,"column":39}},"23":{"start":{"line":24,"column":0},"end":{"line":24,"column":94}},"24":{"start":{"line":25,"column":0},"end":{"line":25,"column":94}},"25":{"start":{"line":26,"column":0},"end":{"line":26,"column":14}},"26":{"start":{"line":27,"column":0},"end":{"line":27,"column":77}},"27":{"start":{"line":28,"column":0},"end":{"line":28,"column":21}},"28":{"start":{"line":29,"column":0},"end":{"line":29,"column":79}},"29":{"start":{"line":30,"column":0},"end":{"line":30,"column":18}},"30":{"start":{"line":31,"column":0},"end":{"line":31,"column":44}},"31":{"start":{"line":32,"column":0},"end":{"line":32,"column":29}},"32":{"start":{"line":33,"column":0},"end":{"line":33,"column":110}},"33":{"start":{"line":34,"column":0},"end":{"line":34,"column":116}},"34":{"start":{"line":35,"column":0},"end":{"line":35,"column":28}},"35":{"start":{"line":36,"column":0},"end":{"line":36,"column":59}},"36":{"start":{"line":37,"column":0},"end":{"line":37,"column":78}},"37":{"start":{"line":38,"column":0},"end":{"line":38,"column":19}},"39":{"start":{"line":40,"column":0},"end":{"line":40,"column":15}},"41":{"start":{"line":42,"column":0},"end":{"line":42,"column":20}},"42":{"start":{"line":43,"column":0},"end":{"line":43,"column":18}},"43":{"start":{"line":44,"column":0},"end":{"line":44,"column":44}},"44":{"start":{"line":45,"column":0},"end":{"line":45,"column":29}},"45":{"start":{"line":46,"column":0},"end":{"line":46,"column":110}},"46":{"start":{"line":47,"column":0},"end":{"line":47,"column":116}},"47":{"start":{"line":48,"column":0},"end":{"line":48,"column":28}},"48":{"start":{"line":49,"column":0},"end":{"line":49,"column":59}},"49":{"start":{"line":50,"column":0},"end":{"line":50,"column":78}},"50":{"start":{"line":51,"column":0},"end":{"line":51,"column":19}},"52":{"start":{"line":53,"column":0},"end":{"line":53,"column":15}},"54":{"start":{"line":55,"column":0},"end":{"line":55,"column":20}},"55":{"start":{"line":56,"column":0},"end":{"line":56,"column":23}},"56":{"start":{"line":57,"column":0},"end":{"line":57,"column":41}},"57":{"start":{"line":58,"column":0},"end":{"line":58,"column":25}},"58":{"start":{"line":59,"column":0},"end":{"line":59,"column":25}},"59":{"start":{"line":60,"column":0},"end":{"line":60,"column":26}},"60":{"start":{"line":61,"column":0},"end":{"line":61,"column":25}},"61":{"start":{"line":62,"column":0},"end":{"line":62,"column":26}},"62":{"start":{"line":63,"column":0},"end":{"line":63,"column":26}},"63":{"start":{"line":64,"column":0},"end":{"line":64,"column":25}},"64":{"start":{"line":65,"column":0},"end":{"line":65,"column":22}},"65":{"start":{"line":66,"column":0},"end":{"line":66,"column":14}},"66":{"start":{"line":67,"column":0},"end":{"line":67,"column":12}},"67":{"start":{"line":68,"column":0},"end":{"line":68,"column":10}},"69":{"start":{"line":70,"column":0},"end":{"line":70,"column":2}},"71":{"start":{"line":72,"column":0},"end":{"line":72,"column":24}}},"s":{"0":0,"1":0,"2":0,"3":0,"4":0,"6":0,"7":0,"8":0,"10":0,"11":0,"13":0,"14":0,"15":0,"16":0,"17":0,"18":0,"20":0,"21":0,"22":0,"23":0,"24":0,"25":0,"26":0,"27":0,"28":0,"29":0,"30":0,"31":0,"32":0,"33":0,"34":0,"35":0,"36":0,"37":0,"39":0,"41":0,"42":0,"43":0,"44":0,"45":0,"46":0,"47":0,"48":0,"49":0,"50":0,"52":0,"54":0,"55":0,"56":0,"57":0,"58":0,"59":0,"60":0,"61":0,"62":0,"63":0,"64":0,"65":0,"66":0,"67":0,"69":0,"71":0},"branchMap":{"0":{"type":"branch","line":1,"loc":{"start":{"line":1,"column":2622},"end":{"line":72,"column":24}},"locations":[{"start":{"line":1,"column":2622},"end":{"line":72,"column":24}}]}},"b":{"0":[0]},"fnMap":{"0":{"name":"(empty-report)","decl":{"start":{"line":1,"column":2622},"end":{"line":72,"column":24}},"loc":{"start":{"line":1,"column":2622},"end":{"line":72,"column":24}},"line":1}},"f":{"0":0}}
,"/Users/macbook/Documents/ChatApp/client/src/tests/mocks.tsx": {"path":"/Users/macbook/Documents/ChatApp/client/src/tests/mocks.tsx","all":false,"statementMap":{"1":{"start":{"line":2,"column":0},"end":{"line":2,"column":48}},"2":{"start":{"line":3,"column":0},"end":{"line":3,"column":63}},"3":{"start":{"line":4,"column":0},"end":{"line":4,"column":28}},"4":{"start":{"line":5,"column":0},"end":{"line":5,"column":8}},"11":{"start":{"line":12,"column":0},"end":{"line":12,"column":31}},"12":{"start":{"line":13,"column":0},"end":{"line":13,"column":15}},"13":{"start":{"line":14,"column":0},"end":{"line":14,"column":20}},"14":{"start":{"line":15,"column":0},"end":{"line":15,"column":28}},"15":{"start":{"line":16,"column":0},"end":{"line":16,"column":18}},"16":{"start":{"line":17,"column":0},"end":{"line":17,"column":22}},"17":{"start":{"line":18,"column":0},"end":{"line":18,"column":2}},"19":{"start":{"line":20,"column":0},"end":{"line":20,"column":36}},"20":{"start":{"line":21,"column":0},"end":{"line":21,"column":15}},"21":{"start":{"line":22,"column":0},"end":{"line":22,"column":21}},"22":{"start":{"line":23,"column":0},"end":{"line":23,"column":29}},"23":{"start":{"line":24,"column":0},"end":{"line":24,"column":19}},"24":{"start":{"line":25,"column":0},"end":{"line":25,"column":2}},"27":{"start":{"line":28,"column":0},"end":{"line":28,"column":31}},"28":{"start":{"line":29,"column":0},"end":{"line":29,"column":15}},"29":{"start":{"line":30,"column":0},"end":{"line":30,"column":35}},"30":{"start":{"line":31,"column":0},"end":{"line":31,"column":27}},"31":{"start":{"line":32,"column":0},"end":{"line":32,"column":38}},"32":{"start":{"line":33,"column":0},"end":{"line":33,"column":2}},"35":{"start":{"line":36,"column":0},"end":{"line":36,"column":54}},"36":{"start":{"line":37,"column":0},"end":{"line":37,"column":17}},"37":{"start":{"line":38,"column":0},"end":{"line":38,"column":19}},"38":{"start":{"line":39,"column":0},"end":{"line":39,"column":21}},"39":{"start":{"line":40,"column":0},"end":{"line":40,"column":27}},"40":{"start":{"line":41,"column":0},"end":{"line":41,"column":12}},"41":{"start":{"line":42,"column":0},"end":{"line":42,"column":20}},"42":{"start":{"line":43,"column":0},"end":{"line":43,"column":19}},"43":{"start":{"line":44,"column":0},"end":{"line":44,"column":27}},"44":{"start":{"line":45,"column":0},"end":{"line":45,"column":11}},"45":{"start":{"line":46,"column":0},"end":{"line":46,"column":18}},"46":{"start":{"line":47,"column":0},"end":{"line":47,"column":16}},"47":{"start":{"line":48,"column":0},"end":{"line":48,"column":17}},"48":{"start":{"line":49,"column":0},"end":{"line":49,"column":11}},"49":{"start":{"line":50,"column":0},"end":{"line":50,"column":22}},"50":{"start":{"line":51,"column":0},"end":{"line":51,"column":2}},"53":{"start":{"line":54,"column":0},"end":{"line":54,"column":36}},"54":{"start":{"line":55,"column":0},"end":{"line":55,"column":25}},"55":{"start":{"line":56,"column":0},"end":{"line":56,"column":3}},"56":{"start":{"line":57,"column":0},"end":{"line":57,"column":23}},"57":{"start":{"line":58,"column":0},"end":{"line":58,"column":16}},"58":{"start":{"line":59,"column":0},"end":{"line":59,"column":15}},"59":{"start":{"line":60,"column":0},"end":{"line":60,"column":6}},"63":{"start":{"line":64,"column":0},"end":{"line":64,"column":8}},"64":{"start":{"line":65,"column":0},"end":{"line":65,"column":6}},"65":{"start":{"line":66,"column":0},"end":{"line":66,"column":69}},"67":{"start":{"line":68,"column":0},"end":{"line":68,"column":16}},"68":{"start":{"line":69,"column":0},"end":{"line":69,"column":43}},"69":{"start":{"line":70,"column":0},"end":{"line":70,"column":49}},"70":{"start":{"line":71,"column":0},"end":{"line":71,"column":16}},"71":{"start":{"line":72,"column":0},"end":{"line":72,"column":44}},"72":{"start":{"line":73,"column":0},"end":{"line":73,"column":17}},"73":{"start":{"line":74,"column":0},"end":{"line":74,"column":29}},"74":{"start":{"line":75,"column":0},"end":{"line":75,"column":19}},"75":{"start":{"line":76,"column":0},"end":{"line":76,"column":4}},"76":{"start":{"line":77,"column":0},"end":{"line":77,"column":2}}},"s":{"1":1,"2":1,"3":1,"4":1,"11":1,"12":1,"13":1,"14":1,"15":1,"16":1,"17":1,"19":1,"20":1,"21":1,"22":1,"23":1,"24":1,"27":1,"28":1,"29":1,"30":1,"31":1,"32":1,"35":1,"36":1,"37":1,"38":1,"39":1,"40":1,"41":1,"42":1,"43":1,"44":1,"45":1,"46":1,"47":1,"48":1,"49":1,"50":1,"53":1,"54":11,"55":11,"56":11,"57":11,"58":11,"59":11,"63":11,"64":11,"65":11,"67":11,"68":11,"69":11,"70":11,"71":11,"72":11,"73":11,"74":11,"75":11,"76":11},"branchMap":{"0":{"type":"branch","line":54,"loc":{"start":{"line":54,"column":35},"end":{"line":77,"column":2}},"locations":[{"start":{"line":54,"column":35},"end":{"line":77,"column":2}}]}},"b":{"0":[11]},"fnMap":{"0":{"name":"renderWithProviders","decl":{"start":{"line":54,"column":35},"end":{"line":77,"column":2}},"loc":{"start":{"line":54,"column":35},"end":{"line":77,"column":2}},"line":54}},"f":{"0":11}}
}
